[2019-10-16 15:47:57] local.ERROR: syntax error, unexpected '{' {"exception":"[object] (Symfony\\Component\\Debug\\Exception\\FatalThrowableError(code: 0): syntax error, unexpected '{' at H:\\xampp\\htdocs\\laravel-6\\fullcalendar\\app\\Event.php:33)
[stacktrace]
#0 H:\\xampp\\htdocs\\laravel-6\\fullcalendar\\vendor\\composer\\ClassLoader.php(322): Composer\\Autoload\\includeFile('H:\\\\xampp\\\\htdocs...')
#1 [internal function]: Composer\\Autoload\\ClassLoader->loadClass('App\\\\Event')
#2 H:\\xampp\\htdocs\\laravel-6\\fullcalendar\\app\\Http\\Controllers\\EventController.php(12): spl_autoload_call('App\\\\Event')
#3 [internal function]: App\\Http\\Controllers\\EventController->loadEvents()
#4 H:\\xampp\\htdocs\\laravel-6\\fullcalendar\\vendor\\laravel\\framework\\src\\Illuminate\\Routing\\Controller.php(54): call_user_func_array(Array, Array)
#5 H:\\xampp\\htdocs\\laravel-6\\fullcalendar\\vendor\\laravel\\framework\\src\\Illuminate\\Routing\\ControllerDispatcher.php(45): Illuminate\\Routing\\Controller->callAction('loadEvents', Array)
#6 H:\\xampp\\htdocs\\laravel-6\\fullcalendar\\vendor\\laravel\\framework\\src\\Illuminate\\Routing\\Route.php(219): Illuminate\\Routing\\ControllerDispatcher->dispatch(Object(Illuminate\\Routing\\Route), Object(App\\Http\\Controllers\\EventController), 'loadEvents')
#7 H:\\xampp\\htdocs\\laravel-6\\fullcalendar\\vendor\\laravel\\framework\\src\\Illuminate\\Routing\\Route.php(176): Illuminate\\Routing\\Route->runController()
#8 H:\\xampp\\htdocs\\laravel-6\\fullcalendar\\vendor\\laravel\\framework\\src\\Illuminate\\Routing\\Router.php(680): Illuminate\\Routing\\Route->run()
#9 H:\\xampp\\htdocs\\laravel-6\\fullcalendar\\vendor\\laravel\\framework\\src\\Illuminate\\Pipeline\\Pipeline.php(130): Illuminate\\Routing\\Router->Illuminate\\Routing\\{closure}(Object(Illuminate\\Http\\Request))
#10 H:\\xampp\\htdocs\\laravel-6\\fullcalendar\\vendor\\laravel\\framework\\src\\Illuminate\\Routing\\Middleware\\SubstituteBindings.php(41): Illuminate\\Pipeline\\Pipeline->Illuminate\\Pipeline\\{closure}(Object(Illuminate\\Http\\Request))
#11 H:\\xampp\\htdocs\\laravel-6\\fullcalendar\\vendor\\laravel\\framework\\src\\Illuminate\\Pipeline\\Pipeline.php(171): Illuminate\\Routing\\Middleware\\SubstituteBindings->handle(Object(Illuminate\\Http\\Request), Object(Closure))
#12 H:\\xampp\\htdocs\\laravel-6\\fullcalendar\\vendor\\laravel\\framework\\src\\Illuminate\\Foundation\\Http\\Middleware\\VerifyCsrfToken.php(76): Illuminate\\Pipeline\\Pipeline->Illuminate\\Pipeline\\{closure}(Object(Illuminate\\Http\\Request))
#13 H:\\xampp\\htdocs\\laravel-6\\fullcalendar\\vendor\\laravel\\framework\\src\\Illuminate\\Pipeline\\Pipeline.php(171): Illuminate\\Foundation\\Http\\Middleware\\VerifyCsrfToken->handle(Object(Illuminate\\Http\\Request), Object(Closure))
#14 H:\\xampp\\htdocs\\laravel-6\\fullcalendar\\vendor\\laravel\\framework\\src\\Illuminate\\View\\Middleware\\ShareErrorsFromSession.php(49): Illuminate\\Pipeline\\Pipeline->Illuminate\\Pipeline\\{closure}(Object(Illuminate\\Http\\Request))
#15 H:\\xampp\\htdocs\\laravel-6\\fullcalendar\\vendor\\laravel\\framework\\src\\Illuminate\\Pipeline\\Pipeline.php(171): Illuminate\\View\\Middleware\\ShareErrorsFromSession->handle(Object(Illuminate\\Http\\Request), Object(Closure))
#16 H:\\xampp\\htdocs\\laravel-6\\fullcalendar\\vendor\\laravel\\framework\\src\\Illuminate\\Session\\Middleware\\StartSession.php(56): Illuminate\\Pipeline\\Pipeline->Illuminate\\Pipeline\\{closure}(Object(Illuminate\\Http\\Request))
#17 H:\\xampp\\htdocs\\laravel-6\\fullcalendar\\vendor\\laravel\\framework\\src\\Illuminate\\Pipeline\\Pipeline.php(171): Illuminate\\Session\\Middleware\\StartSession->handle(Object(Illuminate\\Http\\Request), Object(Closure))
#18 H:\\xampp\\htdocs\\laravel-6\\fullcalendar\\vendor\\laravel\\framework\\src\\Illuminate\\Cookie\\Middleware\\AddQueuedCookiesToResponse.php(37): Illuminate\\Pipeline\\Pipeline->Illuminate\\Pipeline\\{closure}(Object(Illuminate\\Http\\Request))
#19 H:\\xampp\\htdocs\\laravel-6\\fullcalendar\\vendor\\laravel\\framework\\src\\Illuminate\\Pipeline\\Pipeline.php(171): Illuminate\\Cookie\\Middleware\\AddQueuedCookiesToResponse->handle(Object(Illuminate\\Http\\Request), Object(Closure))
#20 H:\\xampp\\htdocs\\laravel-6\\fullcalendar\\vendor\\laravel\\framework\\src\\Illuminate\\Cookie\\Middleware\\EncryptCookies.php(66): Illuminate\\Pipeline\\Pipeline->Illuminate\\Pipeline\\{closure}(Object(Illuminate\\Http\\Request))
#21 H:\\xampp\\htdocs\\laravel-6\\fullcalendar\\vendor\\laravel\\framework\\src\\Illuminate\\Pipeline\\Pipeline.php(171): Illuminate\\Cookie\\Middleware\\EncryptCookies->handle(Object(Illuminate\\Http\\Request), Object(Closure))
#22 H:\\xampp\\htdocs\\laravel-6\\fullcalendar\\vendor\\laravel\\framework\\src\\Illuminate\\Pipeline\\Pipeline.php(105): Illuminate\\Pipeline\\Pipeline->Illuminate\\Pipeline\\{closure}(Object(Illuminate\\Http\\Request))
#23 H:\\xampp\\htdocs\\laravel-6\\fullcalendar\\vendor\\laravel\\framework\\src\\Illuminate\\Routing\\Router.php(682): Illuminate\\Pipeline\\Pipeline->then(Object(Closure))
#24 H:\\xampp\\htdocs\\laravel-6\\fullcalendar\\vendor\\laravel\\framework\\src\\Illuminate\\Routing\\Router.php(657): Illuminate\\Routing\\Router->runRouteWithinStack(Object(Illuminate\\Routing\\Route), Object(Illuminate\\Http\\Request))
#25 H:\\xampp\\htdocs\\laravel-6\\fullcalendar\\vendor\\laravel\\framework\\src\\Illuminate\\Routing\\Router.php(623): Illuminate\\Routing\\Router->runRoute(Object(Illuminate\\Http\\Request), Object(Illuminate\\Routing\\Route))
#26 H:\\xampp\\htdocs\\laravel-6\\fullcalendar\\vendor\\laravel\\framework\\src\\Illuminate\\Routing\\Router.php(612): Illuminate\\Routing\\Router->dispatchToRoute(Object(Illuminate\\Http\\Request))
#27 H:\\xampp\\htdocs\\laravel-6\\fullcalendar\\vendor\\laravel\\framework\\src\\Illuminate\\Foundation\\Http\\Kernel.php(176): Illuminate\\Routing\\Router->dispatch(Object(Illuminate\\Http\\Request))
#28 H:\\xampp\\htdocs\\laravel-6\\fullcalendar\\vendor\\laravel\\framework\\src\\Illuminate\\Pipeline\\Pipeline.php(130): Illuminate\\Foundation\\Http\\Kernel->Illuminate\\Foundation\\Http\\{closure}(Object(Illuminate\\Http\\Request))
#29 H:\\xampp\\htdocs\\laravel-6\\fullcalendar\\vendor\\laravel\\framework\\src\\Illuminate\\Foundation\\Http\\Middleware\\TransformsRequest.php(21): Illuminate\\Pipeline\\Pipeline->Illuminate\\Pipeline\\{closure}(Object(Illuminate\\Http\\Request))
#30 H:\\xampp\\htdocs\\laravel-6\\fullcalendar\\vendor\\laravel\\framework\\src\\Illuminate\\Pipeline\\Pipeline.php(171): Illuminate\\Foundation\\Http\\Middleware\\TransformsRequest->handle(Object(Illuminate\\Http\\Request), Object(Closure))
#31 H:\\xampp\\htdocs\\laravel-6\\fullcalendar\\vendor\\laravel\\framework\\src\\Illuminate\\Foundation\\Http\\Middleware\\TransformsRequest.php(21): Illuminate\\Pipeline\\Pipeline->Illuminate\\Pipeline\\{closure}(Object(Illuminate\\Http\\Request))
#32 H:\\xampp\\htdocs\\laravel-6\\fullcalendar\\vendor\\laravel\\framework\\src\\Illuminate\\Pipeline\\Pipeline.php(171): Illuminate\\Foundation\\Http\\Middleware\\TransformsRequest->handle(Object(Illuminate\\Http\\Request), Object(Closure))
#33 H:\\xampp\\htdocs\\laravel-6\\fullcalendar\\vendor\\laravel\\framework\\src\\Illuminate\\Foundation\\Http\\Middleware\\ValidatePostSize.php(27): Illuminate\\Pipeline\\Pipeline->Illuminate\\Pipeline\\{closure}(Object(Illuminate\\Http\\Request))
#34 H:\\xampp\\htdocs\\laravel-6\\fullcalendar\\vendor\\laravel\\framework\\src\\Illuminate\\Pipeline\\Pipeline.php(171): Illuminate\\Foundation\\Http\\Middleware\\ValidatePostSize->handle(Object(Illuminate\\Http\\Request), Object(Closure))
#35 H:\\xampp\\htdocs\\laravel-6\\fullcalendar\\vendor\\laravel\\framework\\src\\Illuminate\\Foundation\\Http\\Middleware\\CheckForMaintenanceMode.php(62): Illuminate\\Pipeline\\Pipeline->Illuminate\\Pipeline\\{closure}(Object(Illuminate\\Http\\Request))
#36 H:\\xampp\\htdocs\\laravel-6\\fullcalendar\\vendor\\laravel\\framework\\src\\Illuminate\\Pipeline\\Pipeline.php(171): Illuminate\\Foundation\\Http\\Middleware\\CheckForMaintenanceMode->handle(Object(Illuminate\\Http\\Request), Object(Closure))
#37 H:\\xampp\\htdocs\\laravel-6\\fullcalendar\\vendor\\fideloper\\proxy\\src\\TrustProxies.php(57): Illuminate\\Pipeline\\Pipeline->Illuminate\\Pipeline\\{closure}(Object(Illuminate\\Http\\Request))
#38 H:\\xampp\\htdocs\\laravel-6\\fullcalendar\\vendor\\laravel\\framework\\src\\Illuminate\\Pipeline\\Pipeline.php(171): Fideloper\\Proxy\\TrustProxies->handle(Object(Illuminate\\Http\\Request), Object(Closure))
#39 H:\\xampp\\htdocs\\laravel-6\\fullcalendar\\vendor\\laravel\\framework\\src\\Illuminate\\Pipeline\\Pipeline.php(105): Illuminate\\Pipeline\\Pipeline->Illuminate\\Pipeline\\{closure}(Object(Illuminate\\Http\\Request))
#40 H:\\xampp\\htdocs\\laravel-6\\fullcalendar\\vendor\\laravel\\framework\\src\\Illuminate\\Foundation\\Http\\Kernel.php(151): Illuminate\\Pipeline\\Pipeline->then(Object(Closure))
#41 H:\\xampp\\htdocs\\laravel-6\\fullcalendar\\vendor\\laravel\\framework\\src\\Illuminate\\Foundation\\Http\\Kernel.php(116): Illuminate\\Foundation\\Http\\Kernel->sendRequestThroughRouter(Object(Illuminate\\Http\\Request))
#42 H:\\xampp\\htdocs\\laravel-6\\fullcalendar\\public\\index.php(55): Illuminate\\Foundation\\Http\\Kernel->handle(Object(Illuminate\\Http\\Request))
#43 {main}
"} 
[2019-10-16 15:48:16] local.ERROR: Method App\Event::__set() must take exactly 2 arguments {"exception":"[object] (Symfony\\Component\\Debug\\Exception\\FatalErrorException(code: 64): Method App\\Event::__set() must take exactly 2 arguments at H:\\xampp\\htdocs\\laravel-6\\fullcalendar\\app\\Event.php:34)
[stacktrace]
#0 H:\\xampp\\htdocs\\laravel-6\\fullcalendar\\vendor\\laravel\\framework\\src\\Illuminate\\Foundation\\Bootstrap\\HandleExceptions.php(148): Symfony\\Component\\Debug\\Exception\\FatalErrorException->__construct()
#1 H:\\xampp\\htdocs\\laravel-6\\fullcalendar\\vendor\\laravel\\framework\\src\\Illuminate\\Foundation\\Bootstrap\\HandleExceptions.php(134): Illuminate\\Foundation\\Bootstrap\\HandleExceptions->fatalExceptionFromError()
#2 H:\\xampp\\htdocs\\laravel-6\\fullcalendar\\vendor\\laravel\\framework\\src\\Illuminate\\Foundation\\Bootstrap\\HandleExceptions.php(0): Illuminate\\Foundation\\Bootstrap\\HandleExceptions->handleShutdown()
#3 H:\\xampp\\htdocs\\laravel-6\\fullcalendar\\vendor\\composer\\ClassLoader.php(322): Composer\\Autoload\\includeFile()
#4 H:\\xampp\\htdocs\\laravel-6\\fullcalendar\\app\\Http\\Controllers\\EventController.php(12): Composer\\Autoload\\ClassLoader->loadClass()
#5 H:\\xampp\\htdocs\\laravel-6\\fullcalendar\\app\\Http\\Controllers\\EventController.php(12): spl_autoload_call()
#6 H:\\xampp\\htdocs\\laravel-6\\fullcalendar\\vendor\\laravel\\framework\\src\\Illuminate\\Routing\\Controller.php(54): App\\Http\\Controllers\\EventController->loadEvents()
#7 H:\\xampp\\htdocs\\laravel-6\\fullcalendar\\vendor\\laravel\\framework\\src\\Illuminate\\Routing\\Controller.php(54): call_user_func_array:{H:\\xampp\\htdocs\\laravel-6\\fullcalendar\\vendor\\laravel\\framework\\src\\Illuminate\\Routing\\Controller.php:54}()
#8 H:\\xampp\\htdocs\\laravel-6\\fullcalendar\\vendor\\laravel\\framework\\src\\Illuminate\\Routing\\ControllerDispatcher.php(45): App\\Http\\Controllers\\EventController->callAction()
#9 H:\\xampp\\htdocs\\laravel-6\\fullcalendar\\vendor\\laravel\\framework\\src\\Illuminate\\Routing\\Route.php(219): Illuminate\\Routing\\ControllerDispatcher->dispatch()
#10 H:\\xampp\\htdocs\\laravel-6\\fullcalendar\\vendor\\laravel\\framework\\src\\Illuminate\\Routing\\Route.php(176): Illuminate\\Routing\\Route->runController()
#11 H:\\xampp\\htdocs\\laravel-6\\fullcalendar\\vendor\\laravel\\framework\\src\\Illuminate\\Routing\\Router.php(680): Illuminate\\Routing\\Route->run()
#12 H:\\xampp\\htdocs\\laravel-6\\fullcalendar\\vendor\\laravel\\framework\\src\\Illuminate\\Pipeline\\Pipeline.php(130): Illuminate\\Routing\\Router->Illuminate\\Routing\\{closure:H:\\xampp\\htdocs\\laravel-6\\fullcalendar\\vendor\\laravel\\framework\\src\\Illuminate\\Routing\\Router.php:678-682}()
#13 H:\\xampp\\htdocs\\laravel-6\\fullcalendar\\vendor\\laravel\\framework\\src\\Illuminate\\Routing\\Middleware\\SubstituteBindings.php(41): Illuminate\\Routing\\Pipeline->Illuminate\\Pipeline\\{closure:H:\\xampp\\htdocs\\laravel-6\\fullcalendar\\vendor\\laravel\\framework\\src\\Illuminate\\Pipeline\\Pipeline.php:128-136}()
#14 H:\\xampp\\htdocs\\laravel-6\\fullcalendar\\vendor\\laravel\\framework\\src\\Illuminate\\Pipeline\\Pipeline.php(171): Illuminate\\Routing\\Middleware\\SubstituteBindings->handle()
#15 H:\\xampp\\htdocs\\laravel-6\\fullcalendar\\vendor\\laravel\\framework\\src\\Illuminate\\Foundation\\Http\\Middleware\\VerifyCsrfToken.php(76): Illuminate\\Routing\\Pipeline->Illuminate\\Pipeline\\{closure:H:\\xampp\\htdocs\\laravel-6\\fullcalendar\\vendor\\laravel\\framework\\src\\Illuminate\\Pipeline\\Pipeline.php:147-180}()
#16 H:\\xampp\\htdocs\\laravel-6\\fullcalendar\\vendor\\laravel\\framework\\src\\Illuminate\\Pipeline\\Pipeline.php(171): App\\Http\\Middleware\\VerifyCsrfToken->handle()
#17 H:\\xampp\\htdocs\\laravel-6\\fullcalendar\\vendor\\laravel\\framework\\src\\Illuminate\\View\\Middleware\\ShareErrorsFromSession.php(49): Illuminate\\Routing\\Pipeline->Illuminate\\Pipeline\\{closure:H:\\xampp\\htdocs\\laravel-6\\fullcalendar\\vendor\\laravel\\framework\\src\\Illuminate\\Pipeline\\Pipeline.php:147-180}()
#18 H:\\xampp\\htdocs\\laravel-6\\fullcalendar\\vendor\\laravel\\framework\\src\\Illuminate\\Pipeline\\Pipeline.php(171): Illuminate\\View\\Middleware\\ShareErrorsFromSession->handle()
#19 H:\\xampp\\htdocs\\laravel-6\\fullcalendar\\vendor\\laravel\\framework\\src\\Illuminate\\Session\\Middleware\\StartSession.php(56): Illuminate\\Routing\\Pipeline->Illuminate\\Pipeline\\{closure:H:\\xampp\\htdocs\\laravel-6\\fullcalendar\\vendor\\laravel\\framework\\src\\Illuminate\\Pipeline\\Pipeline.php:147-180}()
#20 H:\\xampp\\htdocs\\laravel-6\\fullcalendar\\vendor\\laravel\\framework\\src\\Illuminate\\Pipeline\\Pipeline.php(171): Illuminate\\Session\\Middleware\\StartSession->handle()
#21 H:\\xampp\\htdocs\\laravel-6\\fullcalendar\\vendor\\laravel\\framework\\src\\Illuminate\\Cookie\\Middleware\\AddQueuedCookiesToResponse.php(37): Illuminate\\Routing\\Pipeline->Illuminate\\Pipeline\\{closure:H:\\xampp\\htdocs\\laravel-6\\fullcalendar\\vendor\\laravel\\framework\\src\\Illuminate\\Pipeline\\Pipeline.php:147-180}()
#22 H:\\xampp\\htdocs\\laravel-6\\fullcalendar\\vendor\\laravel\\framework\\src\\Illuminate\\Pipeline\\Pipeline.php(171): Illuminate\\Cookie\\Middleware\\AddQueuedCookiesToResponse->handle()
#23 H:\\xampp\\htdocs\\laravel-6\\fullcalendar\\vendor\\laravel\\framework\\src\\Illuminate\\Cookie\\Middleware\\EncryptCookies.php(66): Illuminate\\Routing\\Pipeline->Illuminate\\Pipeline\\{closure:H:\\xampp\\htdocs\\laravel-6\\fullcalendar\\vendor\\laravel\\framework\\src\\Illuminate\\Pipeline\\Pipeline.php:147-180}()
#24 H:\\xampp\\htdocs\\laravel-6\\fullcalendar\\vendor\\laravel\\framework\\src\\Illuminate\\Pipeline\\Pipeline.php(171): App\\Http\\Middleware\\EncryptCookies->handle()
#25 H:\\xampp\\htdocs\\laravel-6\\fullcalendar\\vendor\\laravel\\framework\\src\\Illuminate\\Pipeline\\Pipeline.php(105): Illuminate\\Routing\\Pipeline->Illuminate\\Pipeline\\{closure:H:\\xampp\\htdocs\\laravel-6\\fullcalendar\\vendor\\laravel\\framework\\src\\Illuminate\\Pipeline\\Pipeline.php:147-180}()
#26 H:\\xampp\\htdocs\\laravel-6\\fullcalendar\\vendor\\laravel\\framework\\src\\Illuminate\\Routing\\Router.php(682): Illuminate\\Routing\\Pipeline->then()
#27 H:\\xampp\\htdocs\\laravel-6\\fullcalendar\\vendor\\laravel\\framework\\src\\Illuminate\\Routing\\Router.php(657): Illuminate\\Routing\\Router->runRouteWithinStack()
#28 H:\\xampp\\htdocs\\laravel-6\\fullcalendar\\vendor\\laravel\\framework\\src\\Illuminate\\Routing\\Router.php(623): Illuminate\\Routing\\Router->runRoute()
#29 H:\\xampp\\htdocs\\laravel-6\\fullcalendar\\vendor\\laravel\\framework\\src\\Illuminate\\Routing\\Router.php(612): Illuminate\\Routing\\Router->dispatchToRoute()
#30 H:\\xampp\\htdocs\\laravel-6\\fullcalendar\\vendor\\laravel\\framework\\src\\Illuminate\\Foundation\\Http\\Kernel.php(176): Illuminate\\Routing\\Router->dispatch()
#31 H:\\xampp\\htdocs\\laravel-6\\fullcalendar\\vendor\\laravel\\framework\\src\\Illuminate\\Pipeline\\Pipeline.php(130): App\\Http\\Kernel->Illuminate\\Foundation\\Http\\{closure:H:\\xampp\\htdocs\\laravel-6\\fullcalendar\\vendor\\laravel\\framework\\src\\Illuminate\\Foundation\\Http\\Kernel.php:173-177}()
#32 H:\\xampp\\htdocs\\laravel-6\\fullcalendar\\vendor\\laravel\\framework\\src\\Illuminate\\Foundation\\Http\\Middleware\\TransformsRequest.php(21): Illuminate\\Routing\\Pipeline->Illuminate\\Pipeline\\{closure:H:\\xampp\\htdocs\\laravel-6\\fullcalendar\\vendor\\laravel\\framework\\src\\Illuminate\\Pipeline\\Pipeline.php:128-136}()
#33 H:\\xampp\\htdocs\\laravel-6\\fullcalendar\\vendor\\laravel\\framework\\src\\Illuminate\\Pipeline\\Pipeline.php(171): Illuminate\\Foundation\\Http\\Middleware\\ConvertEmptyStringsToNull->handle()
#34 H:\\xampp\\htdocs\\laravel-6\\fullcalendar\\vendor\\laravel\\framework\\src\\Illuminate\\Foundation\\Http\\Middleware\\TransformsRequest.php(21): Illuminate\\Routing\\Pipeline->Illuminate\\Pipeline\\{closure:H:\\xampp\\htdocs\\laravel-6\\fullcalendar\\vendor\\laravel\\framework\\src\\Illuminate\\Pipeline\\Pipeline.php:147-180}()
#35 H:\\xampp\\htdocs\\laravel-6\\fullcalendar\\vendor\\laravel\\framework\\src\\Illuminate\\Pipeline\\Pipeline.php(171): App\\Http\\Middleware\\TrimStrings->handle()
#36 H:\\xampp\\htdocs\\laravel-6\\fullcalendar\\vendor\\laravel\\framework\\src\\Illuminate\\Foundation\\Http\\Middleware\\ValidatePostSize.php(27): Illuminate\\Routing\\Pipeline->Illuminate\\Pipeline\\{closure:H:\\xampp\\htdocs\\laravel-6\\fullcalendar\\vendor\\laravel\\framework\\src\\Illuminate\\Pipeline\\Pipeline.php:147-180}()
#37 H:\\xampp\\htdocs\\laravel-6\\fullcalendar\\vendor\\laravel\\framework\\src\\Illuminate\\Pipeline\\Pipeline.php(171): Illuminate\\Foundation\\Http\\Middleware\\ValidatePostSize->handle()
#38 H:\\xampp\\htdocs\\laravel-6\\fullcalendar\\vendor\\laravel\\framework\\src\\Illuminate\\Foundation\\Http\\Middleware\\CheckForMaintenanceMode.php(62): Illuminate\\Routing\\Pipeline->Illuminate\\Pipeline\\{closure:H:\\xampp\\htdocs\\laravel-6\\fullcalendar\\vendor\\laravel\\framework\\src\\Illuminate\\Pipeline\\Pipeline.php:147-180}()
#39 H:\\xampp\\htdocs\\laravel-6\\fullcalendar\\vendor\\laravel\\framework\\src\\Illuminate\\Pipeline\\Pipeline.php(171): App\\Http\\Middleware\\CheckForMaintenanceMode->handle()
#40 H:\\xampp\\htdocs\\laravel-6\\fullcalendar\\vendor\\fideloper\\proxy\\src\\TrustProxies.php(57): Illuminate\\Routing\\Pipeline->Illuminate\\Pipeline\\{closure:H:\\xampp\\htdocs\\laravel-6\\fullcalendar\\vendor\\laravel\\framework\\src\\Illuminate\\Pipeline\\Pipeline.php:147-180}()
#41 H:\\xampp\\htdocs\\laravel-6\\fullcalendar\\vendor\\laravel\\framework\\src\\Illuminate\\Pipeline\\Pipeline.php(171): App\\Http\\Middleware\\TrustProxies->handle()
#42 H:\\xampp\\htdocs\\laravel-6\\fullcalendar\\vendor\\laravel\\framework\\src\\Illuminate\\Pipeline\\Pipeline.php(105): Illuminate\\Routing\\Pipeline->Illuminate\\Pipeline\\{closure:H:\\xampp\\htdocs\\laravel-6\\fullcalendar\\vendor\\laravel\\framework\\src\\Illuminate\\Pipeline\\Pipeline.php:147-180}()
#43 H:\\xampp\\htdocs\\laravel-6\\fullcalendar\\vendor\\laravel\\framework\\src\\Illuminate\\Foundation\\Http\\Kernel.php(151): Illuminate\\Routing\\Pipeline->then()
#44 H:\\xampp\\htdocs\\laravel-6\\fullcalendar\\vendor\\laravel\\framework\\src\\Illuminate\\Foundation\\Http\\Kernel.php(116): App\\Http\\Kernel->sendRequestThroughRouter()
#45 H:\\xampp\\htdocs\\laravel-6\\fullcalendar\\public\\index.php(55): App\\Http\\Kernel->handle()
#46 H:\\xampp\\htdocs\\laravel-6\\fullcalendar\\public\\index.php(0): {main}()
#47 {main}
"} 
