[2019-10-12 10:14:00] local.ERROR: Allowed memory size of 134217728 bytes exhausted (tried to allocate 402653192 bytes) {"exception":"[object] (Symfony\\Component\\Debug\\Exception\\FatalErrorException(code: 1): Allowed memory size of 134217728 bytes exhausted (tried to allocate 402653192 bytes) at H:\\xampp\\htdocs\\laravel-6\\fullcalendar\\vendor\\laravel\\framework\\src\\Illuminate\\Support\\Collection.php:47)
[stacktrace]
#0 H:\\xampp\\htdocs\\laravel-6\\fullcalendar\\vendor\\laravel\\framework\\src\\Illuminate\\Foundation\\Bootstrap\\HandleExceptions.php(148): Symfony\\Component\\Debug\\Exception\\FatalErrorException->__construct()
#1 H:\\xampp\\htdocs\\laravel-6\\fullcalendar\\vendor\\laravel\\framework\\src\\Illuminate\\Foundation\\Bootstrap\\HandleExceptions.php(134): Illuminate\\Foundation\\Bootstrap\\HandleExceptions->fatalExceptionFromError()
#2 H:\\xampp\\htdocs\\laravel-6\\fullcalendar\\vendor\\laravel\\framework\\src\\Illuminate\\Foundation\\Bootstrap\\HandleExceptions.php(0): Illuminate\\Foundation\\Bootstrap\\HandleExceptions->handleShutdown()
#3 H:\\xampp\\htdocs\\laravel-6\\fullcalendar\\vendor\\laravel\\framework\\src\\Illuminate\\Support\\Collection.php(47): range()
#4 H:\\xampp\\htdocs\\laravel-6\\fullcalendar\outes\\web.php(21): Illuminate\\Support\\Collection::times()
#5 H:\\xampp\\htdocs\\laravel-6\\fullcalendar\\vendor\\laravel\\framework\\src\\Illuminate\\Routing\\Route.php(205): Illuminate\\Routing\\RouteFileRegistrar->{closure:H:\\xampp\\htdocs\\laravel-6\\fullcalendar\outes\\web.php:20-26}()
#6 H:\\xampp\\htdocs\\laravel-6\\fullcalendar\\vendor\\laravel\\framework\\src\\Illuminate\\Routing\\Route.php(179): Illuminate\\Routing\\Route->runCallable()
#7 H:\\xampp\\htdocs\\laravel-6\\fullcalendar\\vendor\\laravel\\framework\\src\\Illuminate\\Routing\\Router.php(680): Illuminate\\Routing\\Route->run()
#8 H:\\xampp\\htdocs\\laravel-6\\fullcalendar\\vendor\\laravel\\framework\\src\\Illuminate\\Pipeline\\Pipeline.php(130): Illuminate\\Routing\\Router->Illuminate\\Routing\\{closure:H:\\xampp\\htdocs\\laravel-6\\fullcalendar\\vendor\\laravel\\framework\\src\\Illuminate\\Routing\\Router.php:678-682}()
#9 H:\\xampp\\htdocs\\laravel-6\\fullcalendar\\vendor\\laravel\\framework\\src\\Illuminate\\Routing\\Middleware\\SubstituteBindings.php(41): Illuminate\\Routing\\Pipeline->Illuminate\\Pipeline\\{closure:H:\\xampp\\htdocs\\laravel-6\\fullcalendar\\vendor\\laravel\\framework\\src\\Illuminate\\Pipeline\\Pipeline.php:128-136}()
#10 H:\\xampp\\htdocs\\laravel-6\\fullcalendar\\vendor\\laravel\\framework\\src\\Illuminate\\Pipeline\\Pipeline.php(171): Illuminate\\Routing\\Middleware\\SubstituteBindings->handle()
#11 H:\\xampp\\htdocs\\laravel-6\\fullcalendar\\vendor\\laravel\\framework\\src\\Illuminate\\Foundation\\Http\\Middleware\\VerifyCsrfToken.php(76): Illuminate\\Routing\\Pipeline->Illuminate\\Pipeline\\{closure:H:\\xampp\\htdocs\\laravel-6\\fullcalendar\\vendor\\laravel\\framework\\src\\Illuminate\\Pipeline\\Pipeline.php:147-180}()
#12 H:\\xampp\\htdocs\\laravel-6\\fullcalendar\\vendor\\laravel\\framework\\src\\Illuminate\\Pipeline\\Pipeline.php(171): App\\Http\\Middleware\\VerifyCsrfToken->handle()
#13 H:\\xampp\\htdocs\\laravel-6\\fullcalendar\\vendor\\laravel\\framework\\src\\Illuminate\\View\\Middleware\\ShareErrorsFromSession.php(49): Illuminate\\Routing\\Pipeline->Illuminate\\Pipeline\\{closure:H:\\xampp\\htdocs\\laravel-6\\fullcalendar\\vendor\\laravel\\framework\\src\\Illuminate\\Pipeline\\Pipeline.php:147-180}()
#14 H:\\xampp\\htdocs\\laravel-6\\fullcalendar\\vendor\\laravel\\framework\\src\\Illuminate\\Pipeline\\Pipeline.php(171): Illuminate\\View\\Middleware\\ShareErrorsFromSession->handle()
#15 H:\\xampp\\htdocs\\laravel-6\\fullcalendar\\vendor\\laravel\\framework\\src\\Illuminate\\Session\\Middleware\\StartSession.php(56): Illuminate\\Routing\\Pipeline->Illuminate\\Pipeline\\{closure:H:\\xampp\\htdocs\\laravel-6\\fullcalendar\\vendor\\laravel\\framework\\src\\Illuminate\\Pipeline\\Pipeline.php:147-180}()
#16 H:\\xampp\\htdocs\\laravel-6\\fullcalendar\\vendor\\laravel\\framework\\src\\Illuminate\\Pipeline\\Pipeline.php(171): Illuminate\\Session\\Middleware\\StartSession->handle()
#17 H:\\xampp\\htdocs\\laravel-6\\fullcalendar\\vendor\\laravel\\framework\\src\\Illuminate\\Cookie\\Middleware\\AddQueuedCookiesToResponse.php(37): Illuminate\\Routing\\Pipeline->Illuminate\\Pipeline\\{closure:H:\\xampp\\htdocs\\laravel-6\\fullcalendar\\vendor\\laravel\\framework\\src\\Illuminate\\Pipeline\\Pipeline.php:147-180}()
#18 H:\\xampp\\htdocs\\laravel-6\\fullcalendar\\vendor\\laravel\\framework\\src\\Illuminate\\Pipeline\\Pipeline.php(171): Illuminate\\Cookie\\Middleware\\AddQueuedCookiesToResponse->handle()
#19 H:\\xampp\\htdocs\\laravel-6\\fullcalendar\\vendor\\laravel\\framework\\src\\Illuminate\\Cookie\\Middleware\\EncryptCookies.php(66): Illuminate\\Routing\\Pipeline->Illuminate\\Pipeline\\{closure:H:\\xampp\\htdocs\\laravel-6\\fullcalendar\\vendor\\laravel\\framework\\src\\Illuminate\\Pipeline\\Pipeline.php:147-180}()
#20 H:\\xampp\\htdocs\\laravel-6\\fullcalendar\\vendor\\laravel\\framework\\src\\Illuminate\\Pipeline\\Pipeline.php(171): App\\Http\\Middleware\\EncryptCookies->handle()
#21 H:\\xampp\\htdocs\\laravel-6\\fullcalendar\\vendor\\laravel\\framework\\src\\Illuminate\\Pipeline\\Pipeline.php(105): Illuminate\\Routing\\Pipeline->Illuminate\\Pipeline\\{closure:H:\\xampp\\htdocs\\laravel-6\\fullcalendar\\vendor\\laravel\\framework\\src\\Illuminate\\Pipeline\\Pipeline.php:147-180}()
#22 H:\\xampp\\htdocs\\laravel-6\\fullcalendar\\vendor\\laravel\\framework\\src\\Illuminate\\Routing\\Router.php(682): Illuminate\\Routing\\Pipeline->then()
#23 H:\\xampp\\htdocs\\laravel-6\\fullcalendar\\vendor\\laravel\\framework\\src\\Illuminate\\Routing\\Router.php(657): Illuminate\\Routing\\Router->runRouteWithinStack()
#24 H:\\xampp\\htdocs\\laravel-6\\fullcalendar\\vendor\\laravel\\framework\\src\\Illuminate\\Routing\\Router.php(623): Illuminate\\Routing\\Router->runRoute()
#25 H:\\xampp\\htdocs\\laravel-6\\fullcalendar\\vendor\\laravel\\framework\\src\\Illuminate\\Routing\\Router.php(612): Illuminate\\Routing\\Router->dispatchToRoute()
#26 H:\\xampp\\htdocs\\laravel-6\\fullcalendar\\vendor\\laravel\\framework\\src\\Illuminate\\Foundation\\Http\\Kernel.php(176): Illuminate\\Routing\\Router->dispatch()
#27 H:\\xampp\\htdocs\\laravel-6\\fullcalendar\\vendor\\laravel\\framework\\src\\Illuminate\\Pipeline\\Pipeline.php(130): App\\Http\\Kernel->Illuminate\\Foundation\\Http\\{closure:H:\\xampp\\htdocs\\laravel-6\\fullcalendar\\vendor\\laravel\\framework\\src\\Illuminate\\Foundation\\Http\\Kernel.php:173-177}()
#28 H:\\xampp\\htdocs\\laravel-6\\fullcalendar\\vendor\\laravel\\framework\\src\\Illuminate\\Foundation\\Http\\Middleware\\TransformsRequest.php(21): Illuminate\\Routing\\Pipeline->Illuminate\\Pipeline\\{closure:H:\\xampp\\htdocs\\laravel-6\\fullcalendar\\vendor\\laravel\\framework\\src\\Illuminate\\Pipeline\\Pipeline.php:128-136}()
#29 H:\\xampp\\htdocs\\laravel-6\\fullcalendar\\vendor\\laravel\\framework\\src\\Illuminate\\Pipeline\\Pipeline.php(171): Illuminate\\Foundation\\Http\\Middleware\\ConvertEmptyStringsToNull->handle()
#30 H:\\xampp\\htdocs\\laravel-6\\fullcalendar\\vendor\\laravel\\framework\\src\\Illuminate\\Foundation\\Http\\Middleware\\TransformsRequest.php(21): Illuminate\\Routing\\Pipeline->Illuminate\\Pipeline\\{closure:H:\\xampp\\htdocs\\laravel-6\\fullcalendar\\vendor\\laravel\\framework\\src\\Illuminate\\Pipeline\\Pipeline.php:147-180}()
#31 H:\\xampp\\htdocs\\laravel-6\\fullcalendar\\vendor\\laravel\\framework\\src\\Illuminate\\Pipeline\\Pipeline.php(171): App\\Http\\Middleware\\TrimStrings->handle()
#32 H:\\xampp\\htdocs\\laravel-6\\fullcalendar\\vendor\\laravel\\framework\\src\\Illuminate\\Foundation\\Http\\Middleware\\ValidatePostSize.php(27): Illuminate\\Routing\\Pipeline->Illuminate\\Pipeline\\{closure:H:\\xampp\\htdocs\\laravel-6\\fullcalendar\\vendor\\laravel\\framework\\src\\Illuminate\\Pipeline\\Pipeline.php:147-180}()
#33 H:\\xampp\\htdocs\\laravel-6\\fullcalendar\\vendor\\laravel\\framework\\src\\Illuminate\\Pipeline\\Pipeline.php(171): Illuminate\\Foundation\\Http\\Middleware\\ValidatePostSize->handle()
#34 H:\\xampp\\htdocs\\laravel-6\\fullcalendar\\vendor\\laravel\\framework\\src\\Illuminate\\Foundation\\Http\\Middleware\\CheckForMaintenanceMode.php(62): Illuminate\\Routing\\Pipeline->Illuminate\\Pipeline\\{closure:H:\\xampp\\htdocs\\laravel-6\\fullcalendar\\vendor\\laravel\\framework\\src\\Illuminate\\Pipeline\\Pipeline.php:147-180}()
#35 H:\\xampp\\htdocs\\laravel-6\\fullcalendar\\vendor\\laravel\\framework\\src\\Illuminate\\Pipeline\\Pipeline.php(171): App\\Http\\Middleware\\CheckForMaintenanceMode->handle()
#36 H:\\xampp\\htdocs\\laravel-6\\fullcalendar\\vendor\\fideloper\\proxy\\src\\TrustProxies.php(57): Illuminate\\Routing\\Pipeline->Illuminate\\Pipeline\\{closure:H:\\xampp\\htdocs\\laravel-6\\fullcalendar\\vendor\\laravel\\framework\\src\\Illuminate\\Pipeline\\Pipeline.php:147-180}()
#37 H:\\xampp\\htdocs\\laravel-6\\fullcalendar\\vendor\\laravel\\framework\\src\\Illuminate\\Pipeline\\Pipeline.php(171): App\\Http\\Middleware\\TrustProxies->handle()
#38 H:\\xampp\\htdocs\\laravel-6\\fullcalendar\\vendor\\laravel\\framework\\src\\Illuminate\\Pipeline\\Pipeline.php(105): Illuminate\\Routing\\Pipeline->Illuminate\\Pipeline\\{closure:H:\\xampp\\htdocs\\laravel-6\\fullcalendar\\vendor\\laravel\\framework\\src\\Illuminate\\Pipeline\\Pipeline.php:147-180}()
#39 H:\\xampp\\htdocs\\laravel-6\\fullcalendar\\vendor\\laravel\\framework\\src\\Illuminate\\Foundation\\Http\\Kernel.php(151): Illuminate\\Routing\\Pipeline->then()
#40 H:\\xampp\\htdocs\\laravel-6\\fullcalendar\\vendor\\laravel\\framework\\src\\Illuminate\\Foundation\\Http\\Kernel.php(116): App\\Http\\Kernel->sendRequestThroughRouter()
#41 H:\\xampp\\htdocs\\laravel-6\\fullcalendar\\public\\index.php(55): App\\Http\\Kernel->handle()
#42 H:\\xampp\\htdocs\\laravel-6\\fullcalendar\\public\\index.php(0): {main}()
#43 {main}
"} 
[2019-10-12 10:19:01] local.ERROR: Allowed memory size of 134217728 bytes exhausted (tried to allocate 100663304 bytes) {"exception":"[object] (Symfony\\Component\\Debug\\Exception\\FatalErrorException(code: 1): Allowed memory size of 134217728 bytes exhausted (tried to allocate 100663304 bytes) at H:\\xampp\\htdocs\\laravel-6\\fullcalendar\\vendor\\laravel\\framework\\src\\Illuminate\\Support\\LazyCollection.php:99)
[stacktrace]
#0 H:\\xampp\\htdocs\\laravel-6\\fullcalendar\\vendor\\laravel\\framework\\src\\Illuminate\\Foundation\\Bootstrap\\HandleExceptions.php(148): Symfony\\Component\\Debug\\Exception\\FatalErrorException->__construct()
#1 H:\\xampp\\htdocs\\laravel-6\\fullcalendar\\vendor\\laravel\\framework\\src\\Illuminate\\Foundation\\Bootstrap\\HandleExceptions.php(134): Illuminate\\Foundation\\Bootstrap\\HandleExceptions->fatalExceptionFromError()
#2 H:\\xampp\\htdocs\\laravel-6\\fullcalendar\\vendor\\laravel\\framework\\src\\Illuminate\\Foundation\\Bootstrap\\HandleExceptions.php(0): Illuminate\\Foundation\\Bootstrap\\HandleExceptions->handleShutdown()
#3 H:\\xampp\\htdocs\\laravel-6\\fullcalendar\\vendor\\laravel\\framework\\src\\Illuminate\\Support\\LazyCollection.php(99): iterator_to_array()
#4 H:\\xampp\\htdocs\\laravel-6\\fullcalendar\outes\\web.php(31): Illuminate\\Support\\LazyCollection->all()
#5 H:\\xampp\\htdocs\\laravel-6\\fullcalendar\\vendor\\laravel\\framework\\src\\Illuminate\\Routing\\Route.php(205): Illuminate\\Routing\\RouteFileRegistrar->{closure:H:\\xampp\\htdocs\\laravel-6\\fullcalendar\outes\\web.php:28-34}()
#6 H:\\xampp\\htdocs\\laravel-6\\fullcalendar\\vendor\\laravel\\framework\\src\\Illuminate\\Routing\\Route.php(179): Illuminate\\Routing\\Route->runCallable()
#7 H:\\xampp\\htdocs\\laravel-6\\fullcalendar\\vendor\\laravel\\framework\\src\\Illuminate\\Routing\\Router.php(680): Illuminate\\Routing\\Route->run()
#8 H:\\xampp\\htdocs\\laravel-6\\fullcalendar\\vendor\\laravel\\framework\\src\\Illuminate\\Pipeline\\Pipeline.php(130): Illuminate\\Routing\\Router->Illuminate\\Routing\\{closure:H:\\xampp\\htdocs\\laravel-6\\fullcalendar\\vendor\\laravel\\framework\\src\\Illuminate\\Routing\\Router.php:678-682}()
#9 H:\\xampp\\htdocs\\laravel-6\\fullcalendar\\vendor\\laravel\\framework\\src\\Illuminate\\Routing\\Middleware\\SubstituteBindings.php(41): Illuminate\\Routing\\Pipeline->Illuminate\\Pipeline\\{closure:H:\\xampp\\htdocs\\laravel-6\\fullcalendar\\vendor\\laravel\\framework\\src\\Illuminate\\Pipeline\\Pipeline.php:128-136}()
#10 H:\\xampp\\htdocs\\laravel-6\\fullcalendar\\vendor\\laravel\\framework\\src\\Illuminate\\Pipeline\\Pipeline.php(171): Illuminate\\Routing\\Middleware\\SubstituteBindings->handle()
#11 H:\\xampp\\htdocs\\laravel-6\\fullcalendar\\vendor\\laravel\\framework\\src\\Illuminate\\Foundation\\Http\\Middleware\\VerifyCsrfToken.php(76): Illuminate\\Routing\\Pipeline->Illuminate\\Pipeline\\{closure:H:\\xampp\\htdocs\\laravel-6\\fullcalendar\\vendor\\laravel\\framework\\src\\Illuminate\\Pipeline\\Pipeline.php:147-180}()
#12 H:\\xampp\\htdocs\\laravel-6\\fullcalendar\\vendor\\laravel\\framework\\src\\Illuminate\\Pipeline\\Pipeline.php(171): App\\Http\\Middleware\\VerifyCsrfToken->handle()
#13 H:\\xampp\\htdocs\\laravel-6\\fullcalendar\\vendor\\laravel\\framework\\src\\Illuminate\\View\\Middleware\\ShareErrorsFromSession.php(49): Illuminate\\Routing\\Pipeline->Illuminate\\Pipeline\\{closure:H:\\xampp\\htdocs\\laravel-6\\fullcalendar\\vendor\\laravel\\framework\\src\\Illuminate\\Pipeline\\Pipeline.php:147-180}()
#14 H:\\xampp\\htdocs\\laravel-6\\fullcalendar\\vendor\\laravel\\framework\\src\\Illuminate\\Pipeline\\Pipeline.php(171): Illuminate\\View\\Middleware\\ShareErrorsFromSession->handle()
#15 H:\\xampp\\htdocs\\laravel-6\\fullcalendar\\vendor\\laravel\\framework\\src\\Illuminate\\Session\\Middleware\\StartSession.php(56): Illuminate\\Routing\\Pipeline->Illuminate\\Pipeline\\{closure:H:\\xampp\\htdocs\\laravel-6\\fullcalendar\\vendor\\laravel\\framework\\src\\Illuminate\\Pipeline\\Pipeline.php:147-180}()
#16 H:\\xampp\\htdocs\\laravel-6\\fullcalendar\\vendor\\laravel\\framework\\src\\Illuminate\\Pipeline\\Pipeline.php(171): Illuminate\\Session\\Middleware\\StartSession->handle()
#17 H:\\xampp\\htdocs\\laravel-6\\fullcalendar\\vendor\\laravel\\framework\\src\\Illuminate\\Cookie\\Middleware\\AddQueuedCookiesToResponse.php(37): Illuminate\\Routing\\Pipeline->Illuminate\\Pipeline\\{closure:H:\\xampp\\htdocs\\laravel-6\\fullcalendar\\vendor\\laravel\\framework\\src\\Illuminate\\Pipeline\\Pipeline.php:147-180}()
#18 H:\\xampp\\htdocs\\laravel-6\\fullcalendar\\vendor\\laravel\\framework\\src\\Illuminate\\Pipeline\\Pipeline.php(171): Illuminate\\Cookie\\Middleware\\AddQueuedCookiesToResponse->handle()
#19 H:\\xampp\\htdocs\\laravel-6\\fullcalendar\\vendor\\laravel\\framework\\src\\Illuminate\\Cookie\\Middleware\\EncryptCookies.php(66): Illuminate\\Routing\\Pipeline->Illuminate\\Pipeline\\{closure:H:\\xampp\\htdocs\\laravel-6\\fullcalendar\\vendor\\laravel\\framework\\src\\Illuminate\\Pipeline\\Pipeline.php:147-180}()
#20 H:\\xampp\\htdocs\\laravel-6\\fullcalendar\\vendor\\laravel\\framework\\src\\Illuminate\\Pipeline\\Pipeline.php(171): App\\Http\\Middleware\\EncryptCookies->handle()
#21 H:\\xampp\\htdocs\\laravel-6\\fullcalendar\\vendor\\laravel\\framework\\src\\Illuminate\\Pipeline\\Pipeline.php(105): Illuminate\\Routing\\Pipeline->Illuminate\\Pipeline\\{closure:H:\\xampp\\htdocs\\laravel-6\\fullcalendar\\vendor\\laravel\\framework\\src\\Illuminate\\Pipeline\\Pipeline.php:147-180}()
#22 H:\\xampp\\htdocs\\laravel-6\\fullcalendar\\vendor\\laravel\\framework\\src\\Illuminate\\Routing\\Router.php(682): Illuminate\\Routing\\Pipeline->then()
#23 H:\\xampp\\htdocs\\laravel-6\\fullcalendar\\vendor\\laravel\\framework\\src\\Illuminate\\Routing\\Router.php(657): Illuminate\\Routing\\Router->runRouteWithinStack()
#24 H:\\xampp\\htdocs\\laravel-6\\fullcalendar\\vendor\\laravel\\framework\\src\\Illuminate\\Routing\\Router.php(623): Illuminate\\Routing\\Router->runRoute()
#25 H:\\xampp\\htdocs\\laravel-6\\fullcalendar\\vendor\\laravel\\framework\\src\\Illuminate\\Routing\\Router.php(612): Illuminate\\Routing\\Router->dispatchToRoute()
#26 H:\\xampp\\htdocs\\laravel-6\\fullcalendar\\vendor\\laravel\\framework\\src\\Illuminate\\Foundation\\Http\\Kernel.php(176): Illuminate\\Routing\\Router->dispatch()
#27 H:\\xampp\\htdocs\\laravel-6\\fullcalendar\\vendor\\laravel\\framework\\src\\Illuminate\\Pipeline\\Pipeline.php(130): App\\Http\\Kernel->Illuminate\\Foundation\\Http\\{closure:H:\\xampp\\htdocs\\laravel-6\\fullcalendar\\vendor\\laravel\\framework\\src\\Illuminate\\Foundation\\Http\\Kernel.php:173-177}()
#28 H:\\xampp\\htdocs\\laravel-6\\fullcalendar\\vendor\\laravel\\framework\\src\\Illuminate\\Foundation\\Http\\Middleware\\TransformsRequest.php(21): Illuminate\\Routing\\Pipeline->Illuminate\\Pipeline\\{closure:H:\\xampp\\htdocs\\laravel-6\\fullcalendar\\vendor\\laravel\\framework\\src\\Illuminate\\Pipeline\\Pipeline.php:128-136}()
#29 H:\\xampp\\htdocs\\laravel-6\\fullcalendar\\vendor\\laravel\\framework\\src\\Illuminate\\Pipeline\\Pipeline.php(171): Illuminate\\Foundation\\Http\\Middleware\\ConvertEmptyStringsToNull->handle()
#30 H:\\xampp\\htdocs\\laravel-6\\fullcalendar\\vendor\\laravel\\framework\\src\\Illuminate\\Foundation\\Http\\Middleware\\TransformsRequest.php(21): Illuminate\\Routing\\Pipeline->Illuminate\\Pipeline\\{closure:H:\\xampp\\htdocs\\laravel-6\\fullcalendar\\vendor\\laravel\\framework\\src\\Illuminate\\Pipeline\\Pipeline.php:147-180}()
#31 H:\\xampp\\htdocs\\laravel-6\\fullcalendar\\vendor\\laravel\\framework\\src\\Illuminate\\Pipeline\\Pipeline.php(171): App\\Http\\Middleware\\TrimStrings->handle()
#32 H:\\xampp\\htdocs\\laravel-6\\fullcalendar\\vendor\\laravel\\framework\\src\\Illuminate\\Foundation\\Http\\Middleware\\ValidatePostSize.php(27): Illuminate\\Routing\\Pipeline->Illuminate\\Pipeline\\{closure:H:\\xampp\\htdocs\\laravel-6\\fullcalendar\\vendor\\laravel\\framework\\src\\Illuminate\\Pipeline\\Pipeline.php:147-180}()
#33 H:\\xampp\\htdocs\\laravel-6\\fullcalendar\\vendor\\laravel\\framework\\src\\Illuminate\\Pipeline\\Pipeline.php(171): Illuminate\\Foundation\\Http\\Middleware\\ValidatePostSize->handle()
#34 H:\\xampp\\htdocs\\laravel-6\\fullcalendar\\vendor\\laravel\\framework\\src\\Illuminate\\Foundation\\Http\\Middleware\\CheckForMaintenanceMode.php(62): Illuminate\\Routing\\Pipeline->Illuminate\\Pipeline\\{closure:H:\\xampp\\htdocs\\laravel-6\\fullcalendar\\vendor\\laravel\\framework\\src\\Illuminate\\Pipeline\\Pipeline.php:147-180}()
#35 H:\\xampp\\htdocs\\laravel-6\\fullcalendar\\vendor\\laravel\\framework\\src\\Illuminate\\Pipeline\\Pipeline.php(171): App\\Http\\Middleware\\CheckForMaintenanceMode->handle()
#36 H:\\xampp\\htdocs\\laravel-6\\fullcalendar\\vendor\\fideloper\\proxy\\src\\TrustProxies.php(57): Illuminate\\Routing\\Pipeline->Illuminate\\Pipeline\\{closure:H:\\xampp\\htdocs\\laravel-6\\fullcalendar\\vendor\\laravel\\framework\\src\\Illuminate\\Pipeline\\Pipeline.php:147-180}()
#37 H:\\xampp\\htdocs\\laravel-6\\fullcalendar\\vendor\\laravel\\framework\\src\\Illuminate\\Pipeline\\Pipeline.php(171): App\\Http\\Middleware\\TrustProxies->handle()
#38 H:\\xampp\\htdocs\\laravel-6\\fullcalendar\\vendor\\laravel\\framework\\src\\Illuminate\\Pipeline\\Pipeline.php(105): Illuminate\\Routing\\Pipeline->Illuminate\\Pipeline\\{closure:H:\\xampp\\htdocs\\laravel-6\\fullcalendar\\vendor\\laravel\\framework\\src\\Illuminate\\Pipeline\\Pipeline.php:147-180}()
#39 H:\\xampp\\htdocs\\laravel-6\\fullcalendar\\vendor\\laravel\\framework\\src\\Illuminate\\Foundation\\Http\\Kernel.php(151): Illuminate\\Routing\\Pipeline->then()
#40 H:\\xampp\\htdocs\\laravel-6\\fullcalendar\\vendor\\laravel\\framework\\src\\Illuminate\\Foundation\\Http\\Kernel.php(116): App\\Http\\Kernel->sendRequestThroughRouter()
#41 H:\\xampp\\htdocs\\laravel-6\\fullcalendar\\public\\index.php(55): App\\Http\\Kernel->handle()
#42 H:\\xampp\\htdocs\\laravel-6\\fullcalendar\\public\\index.php(0): {main}()
#43 {main}
"} 
