[2019-10-24 15:56:58] local.ERROR: The "--table:users" option does not exist. {"exception":"[object] (Symfony\\Component\\Console\\Exception\\RuntimeException(code: 0): The \"--table:users\" option does not exist. at H:\\xampp\\htdocs\\laravel-6\\fullcalendar\\vendor\\symfony\\console\\Input\\ArgvInput.php:218)
[stacktrace]
#0 H:\\xampp\\htdocs\\laravel-6\\fullcalendar\\vendor\\symfony\\console\\Input\\ArgvInput.php(154): Symfony\\Component\\Console\\Input\\ArgvInput->addLongOption('table:users', NULL)
#1 H:\\xampp\\htdocs\\laravel-6\\fullcalendar\\vendor\\symfony\\console\\Input\\ArgvInput.php(82): Symfony\\Component\\Console\\Input\\ArgvInput->parseLongOption('--table:users')
#2 H:\\xampp\\htdocs\\laravel-6\\fullcalendar\\vendor\\symfony\\console\\Input\\Input.php(55): Symfony\\Component\\Console\\Input\\ArgvInput->parse()
#3 H:\\xampp\\htdocs\\laravel-6\\fullcalendar\\vendor\\symfony\\console\\Command\\Command.php(214): Symfony\\Component\\Console\\Input\\Input->bind(Object(Symfony\\Component\\Console\\Input\\InputDefinition))
#4 H:\\xampp\\htdocs\\laravel-6\\fullcalendar\\vendor\\laravel\\framework\\src\\Illuminate\\Console\\Command.php(189): Symfony\\Component\\Console\\Command\\Command->run(Object(Symfony\\Component\\Console\\Input\\ArgvInput), Object(Illuminate\\Console\\OutputStyle))
#5 H:\\xampp\\htdocs\\laravel-6\\fullcalendar\\vendor\\symfony\\console\\Application.php(934): Illuminate\\Console\\Command->run(Object(Symfony\\Component\\Console\\Input\\ArgvInput), Object(Symfony\\Component\\Console\\Output\\ConsoleOutput))
#6 H:\\xampp\\htdocs\\laravel-6\\fullcalendar\\vendor\\symfony\\console\\Application.php(273): Symfony\\Component\\Console\\Application->doRunCommand(Object(Illuminate\\Database\\Console\\Migrations\\MigrateMakeCommand), Object(Symfony\\Component\\Console\\Input\\ArgvInput), Object(Symfony\\Component\\Console\\Output\\ConsoleOutput))
#7 H:\\xampp\\htdocs\\laravel-6\\fullcalendar\\vendor\\symfony\\console\\Application.php(149): Symfony\\Component\\Console\\Application->doRun(Object(Symfony\\Component\\Console\\Input\\ArgvInput), Object(Symfony\\Component\\Console\\Output\\ConsoleOutput))
#8 H:\\xampp\\htdocs\\laravel-6\\fullcalendar\\vendor\\laravel\\framework\\src\\Illuminate\\Console\\Application.php(90): Symfony\\Component\\Console\\Application->run(Object(Symfony\\Component\\Console\\Input\\ArgvInput), Object(Symfony\\Component\\Console\\Output\\ConsoleOutput))
#9 H:\\xampp\\htdocs\\laravel-6\\fullcalendar\\vendor\\laravel\\framework\\src\\Illuminate\\Foundation\\Console\\Kernel.php(131): Illuminate\\Console\\Application->run(Object(Symfony\\Component\\Console\\Input\\ArgvInput), Object(Symfony\\Component\\Console\\Output\\ConsoleOutput))
#10 H:\\xampp\\htdocs\\laravel-6\\fullcalendar\\artisan(37): Illuminate\\Foundation\\Console\\Kernel->handle(Object(Symfony\\Component\\Console\\Input\\ArgvInput), Object(Symfony\\Component\\Console\\Output\\ConsoleOutput))
#11 {main}
"} 
[2019-10-24 16:02:32] local.ERROR: Call to undefined method App\Providers\AppServiceProvider::registerPolicies() {"exception":"[object] (Symfony\\Component\\Debug\\Exception\\FatalThrowableError(code: 0): Call to undefined method App\\Providers\\AppServiceProvider::registerPolicies() at H:\\xampp\\htdocs\\laravel-6\\fullcalendar\\app\\Providers\\AppServiceProvider.php:28)
[stacktrace]
#0 [internal function]: App\\Providers\\AppServiceProvider->boot(Object(Illuminate\\Auth\\Access\\Gate))
#1 H:\\xampp\\htdocs\\laravel-6\\fullcalendar\\vendor\\laravel\\framework\\src\\Illuminate\\Container\\BoundMethod.php(32): call_user_func_array(Array, Array)
#2 H:\\xampp\\htdocs\\laravel-6\\fullcalendar\\vendor\\laravel\\framework\\src\\Illuminate\\Support\\helpers.php(522): Illuminate\\Container\\BoundMethod::Illuminate\\Container\\{closure}()
#3 H:\\xampp\\htdocs\\laravel-6\\fullcalendar\\vendor\\laravel\\framework\\src\\Illuminate\\Container\\BoundMethod.php(90): value(Object(Closure))
#4 H:\\xampp\\htdocs\\laravel-6\\fullcalendar\\vendor\\laravel\\framework\\src\\Illuminate\\Container\\BoundMethod.php(34): Illuminate\\Container\\BoundMethod::callBoundMethod(Object(Illuminate\\Foundation\\Application), Array, Object(Closure))
#5 H:\\xampp\\htdocs\\laravel-6\\fullcalendar\\vendor\\laravel\\framework\\src\\Illuminate\\Container\\Container.php(591): Illuminate\\Container\\BoundMethod::call(Object(Illuminate\\Foundation\\Application), Array, Array, NULL)
#6 H:\\xampp\\htdocs\\laravel-6\\fullcalendar\\vendor\\laravel\\framework\\src\\Illuminate\\Foundation\\Application.php(828): Illuminate\\Container\\Container->call(Array)
#7 H:\\xampp\\htdocs\\laravel-6\\fullcalendar\\vendor\\laravel\\framework\\src\\Illuminate\\Foundation\\Application.php(811): Illuminate\\Foundation\\Application->bootProvider(Object(App\\Providers\\AppServiceProvider))
#8 [internal function]: Illuminate\\Foundation\\Application->Illuminate\\Foundation\\{closure}(Object(App\\Providers\\AppServiceProvider), 19)
#9 H:\\xampp\\htdocs\\laravel-6\\fullcalendar\\vendor\\laravel\\framework\\src\\Illuminate\\Foundation\\Application.php(812): array_walk(Array, Object(Closure))
#10 H:\\xampp\\htdocs\\laravel-6\\fullcalendar\\vendor\\laravel\\framework\\src\\Illuminate\\Foundation\\Bootstrap\\BootProviders.php(17): Illuminate\\Foundation\\Application->boot()
#11 H:\\xampp\\htdocs\\laravel-6\\fullcalendar\\vendor\\laravel\\framework\\src\\Illuminate\\Foundation\\Application.php(211): Illuminate\\Foundation\\Bootstrap\\BootProviders->bootstrap(Object(Illuminate\\Foundation\\Application))
#12 H:\\xampp\\htdocs\\laravel-6\\fullcalendar\\vendor\\laravel\\framework\\src\\Illuminate\\Foundation\\Http\\Kernel.php(162): Illuminate\\Foundation\\Application->bootstrapWith(Array)
#13 H:\\xampp\\htdocs\\laravel-6\\fullcalendar\\vendor\\laravel\\framework\\src\\Illuminate\\Foundation\\Http\\Kernel.php(146): Illuminate\\Foundation\\Http\\Kernel->bootstrap()
#14 H:\\xampp\\htdocs\\laravel-6\\fullcalendar\\vendor\\laravel\\framework\\src\\Illuminate\\Foundation\\Http\\Kernel.php(116): Illuminate\\Foundation\\Http\\Kernel->sendRequestThroughRouter(Object(Illuminate\\Http\\Request))
#15 H:\\xampp\\htdocs\\laravel-6\\fullcalendar\\public\\index.php(55): Illuminate\\Foundation\\Http\\Kernel->handle(Object(Illuminate\\Http\\Request))
#16 {main}
"} 
[2019-10-24 16:08:57] local.ERROR: Call to undefined method App\Providers\AppServiceProvider::registerPolicies() {"exception":"[object] (Symfony\\Component\\Debug\\Exception\\FatalThrowableError(code: 0): Call to undefined method App\\Providers\\AppServiceProvider::registerPolicies() at H:\\xampp\\htdocs\\laravel-6\\fullcalendar\\app\\Providers\\AppServiceProvider.php:28)
[stacktrace]
#0 [internal function]: App\\Providers\\AppServiceProvider->boot(Object(Illuminate\\Auth\\Access\\Gate))
#1 H:\\xampp\\htdocs\\laravel-6\\fullcalendar\\vendor\\laravel\\framework\\src\\Illuminate\\Container\\BoundMethod.php(32): call_user_func_array(Array, Array)
#2 H:\\xampp\\htdocs\\laravel-6\\fullcalendar\\vendor\\laravel\\framework\\src\\Illuminate\\Support\\helpers.php(522): Illuminate\\Container\\BoundMethod::Illuminate\\Container\\{closure}()
#3 H:\\xampp\\htdocs\\laravel-6\\fullcalendar\\vendor\\laravel\\framework\\src\\Illuminate\\Container\\BoundMethod.php(90): value(Object(Closure))
#4 H:\\xampp\\htdocs\\laravel-6\\fullcalendar\\vendor\\laravel\\framework\\src\\Illuminate\\Container\\BoundMethod.php(34): Illuminate\\Container\\BoundMethod::callBoundMethod(Object(Illuminate\\Foundation\\Application), Array, Object(Closure))
#5 H:\\xampp\\htdocs\\laravel-6\\fullcalendar\\vendor\\laravel\\framework\\src\\Illuminate\\Container\\Container.php(591): Illuminate\\Container\\BoundMethod::call(Object(Illuminate\\Foundation\\Application), Array, Array, NULL)
#6 H:\\xampp\\htdocs\\laravel-6\\fullcalendar\\vendor\\laravel\\framework\\src\\Illuminate\\Foundation\\Application.php(828): Illuminate\\Container\\Container->call(Array)
#7 H:\\xampp\\htdocs\\laravel-6\\fullcalendar\\vendor\\laravel\\framework\\src\\Illuminate\\Foundation\\Application.php(811): Illuminate\\Foundation\\Application->bootProvider(Object(App\\Providers\\AppServiceProvider))
#8 [internal function]: Illuminate\\Foundation\\Application->Illuminate\\Foundation\\{closure}(Object(App\\Providers\\AppServiceProvider), 19)
#9 H:\\xampp\\htdocs\\laravel-6\\fullcalendar\\vendor\\laravel\\framework\\src\\Illuminate\\Foundation\\Application.php(812): array_walk(Array, Object(Closure))
#10 H:\\xampp\\htdocs\\laravel-6\\fullcalendar\\vendor\\laravel\\framework\\src\\Illuminate\\Foundation\\Bootstrap\\BootProviders.php(17): Illuminate\\Foundation\\Application->boot()
#11 H:\\xampp\\htdocs\\laravel-6\\fullcalendar\\vendor\\laravel\\framework\\src\\Illuminate\\Foundation\\Application.php(211): Illuminate\\Foundation\\Bootstrap\\BootProviders->bootstrap(Object(Illuminate\\Foundation\\Application))
#12 H:\\xampp\\htdocs\\laravel-6\\fullcalendar\\vendor\\laravel\\framework\\src\\Illuminate\\Foundation\\Http\\Kernel.php(162): Illuminate\\Foundation\\Application->bootstrapWith(Array)
#13 H:\\xampp\\htdocs\\laravel-6\\fullcalendar\\vendor\\laravel\\framework\\src\\Illuminate\\Foundation\\Http\\Kernel.php(146): Illuminate\\Foundation\\Http\\Kernel->bootstrap()
#14 H:\\xampp\\htdocs\\laravel-6\\fullcalendar\\vendor\\laravel\\framework\\src\\Illuminate\\Foundation\\Http\\Kernel.php(116): Illuminate\\Foundation\\Http\\Kernel->sendRequestThroughRouter(Object(Illuminate\\Http\\Request))
#15 H:\\xampp\\htdocs\\laravel-6\\fullcalendar\\public\\index.php(55): Illuminate\\Foundation\\Http\\Kernel->handle(Object(Illuminate\\Http\\Request))
#16 {main}
"} 
[2019-10-24 16:09:44] local.ERROR: Call to undefined method App\Providers\AppServiceProvider::registerPolicies() {"exception":"[object] (Symfony\\Component\\Debug\\Exception\\FatalThrowableError(code: 0): Call to undefined method App\\Providers\\AppServiceProvider::registerPolicies() at H:\\xampp\\htdocs\\laravel-6\\fullcalendar\\app\\Providers\\AppServiceProvider.php:28)
[stacktrace]
#0 [internal function]: App\\Providers\\AppServiceProvider->boot(Object(Illuminate\\Support\\Facades\\Gate))
#1 H:\\xampp\\htdocs\\laravel-6\\fullcalendar\\vendor\\laravel\\framework\\src\\Illuminate\\Container\\BoundMethod.php(32): call_user_func_array(Array, Array)
#2 H:\\xampp\\htdocs\\laravel-6\\fullcalendar\\vendor\\laravel\\framework\\src\\Illuminate\\Support\\helpers.php(522): Illuminate\\Container\\BoundMethod::Illuminate\\Container\\{closure}()
#3 H:\\xampp\\htdocs\\laravel-6\\fullcalendar\\vendor\\laravel\\framework\\src\\Illuminate\\Container\\BoundMethod.php(90): value(Object(Closure))
#4 H:\\xampp\\htdocs\\laravel-6\\fullcalendar\\vendor\\laravel\\framework\\src\\Illuminate\\Container\\BoundMethod.php(34): Illuminate\\Container\\BoundMethod::callBoundMethod(Object(Illuminate\\Foundation\\Application), Array, Object(Closure))
#5 H:\\xampp\\htdocs\\laravel-6\\fullcalendar\\vendor\\laravel\\framework\\src\\Illuminate\\Container\\Container.php(591): Illuminate\\Container\\BoundMethod::call(Object(Illuminate\\Foundation\\Application), Array, Array, NULL)
#6 H:\\xampp\\htdocs\\laravel-6\\fullcalendar\\vendor\\laravel\\framework\\src\\Illuminate\\Foundation\\Application.php(828): Illuminate\\Container\\Container->call(Array)
#7 H:\\xampp\\htdocs\\laravel-6\\fullcalendar\\vendor\\laravel\\framework\\src\\Illuminate\\Foundation\\Application.php(811): Illuminate\\Foundation\\Application->bootProvider(Object(App\\Providers\\AppServiceProvider))
#8 [internal function]: Illuminate\\Foundation\\Application->Illuminate\\Foundation\\{closure}(Object(App\\Providers\\AppServiceProvider), 19)
#9 H:\\xampp\\htdocs\\laravel-6\\fullcalendar\\vendor\\laravel\\framework\\src\\Illuminate\\Foundation\\Application.php(812): array_walk(Array, Object(Closure))
#10 H:\\xampp\\htdocs\\laravel-6\\fullcalendar\\vendor\\laravel\\framework\\src\\Illuminate\\Foundation\\Bootstrap\\BootProviders.php(17): Illuminate\\Foundation\\Application->boot()
#11 H:\\xampp\\htdocs\\laravel-6\\fullcalendar\\vendor\\laravel\\framework\\src\\Illuminate\\Foundation\\Application.php(211): Illuminate\\Foundation\\Bootstrap\\BootProviders->bootstrap(Object(Illuminate\\Foundation\\Application))
#12 H:\\xampp\\htdocs\\laravel-6\\fullcalendar\\vendor\\laravel\\framework\\src\\Illuminate\\Foundation\\Http\\Kernel.php(162): Illuminate\\Foundation\\Application->bootstrapWith(Array)
#13 H:\\xampp\\htdocs\\laravel-6\\fullcalendar\\vendor\\laravel\\framework\\src\\Illuminate\\Foundation\\Http\\Kernel.php(146): Illuminate\\Foundation\\Http\\Kernel->bootstrap()
#14 H:\\xampp\\htdocs\\laravel-6\\fullcalendar\\vendor\\laravel\\framework\\src\\Illuminate\\Foundation\\Http\\Kernel.php(116): Illuminate\\Foundation\\Http\\Kernel->sendRequestThroughRouter(Object(Illuminate\\Http\\Request))
#15 H:\\xampp\\htdocs\\laravel-6\\fullcalendar\\public\\index.php(55): Illuminate\\Foundation\\Http\\Kernel->handle(Object(Illuminate\\Http\\Request))
#16 {main}
"} 
[2019-10-24 16:10:18] local.ERROR: Call to undefined method App\Providers\AppServiceProvider::registerPolicies() {"exception":"[object] (Symfony\\Component\\Debug\\Exception\\FatalThrowableError(code: 0): Call to undefined method App\\Providers\\AppServiceProvider::registerPolicies() at H:\\xampp\\htdocs\\laravel-6\\fullcalendar\\app\\Providers\\AppServiceProvider.php:28)
[stacktrace]
#0 [internal function]: App\\Providers\\AppServiceProvider->boot(Object(Illuminate\\Auth\\Access\\Gate))
#1 H:\\xampp\\htdocs\\laravel-6\\fullcalendar\\vendor\\laravel\\framework\\src\\Illuminate\\Container\\BoundMethod.php(32): call_user_func_array(Array, Array)
#2 H:\\xampp\\htdocs\\laravel-6\\fullcalendar\\vendor\\laravel\\framework\\src\\Illuminate\\Support\\helpers.php(522): Illuminate\\Container\\BoundMethod::Illuminate\\Container\\{closure}()
#3 H:\\xampp\\htdocs\\laravel-6\\fullcalendar\\vendor\\laravel\\framework\\src\\Illuminate\\Container\\BoundMethod.php(90): value(Object(Closure))
#4 H:\\xampp\\htdocs\\laravel-6\\fullcalendar\\vendor\\laravel\\framework\\src\\Illuminate\\Container\\BoundMethod.php(34): Illuminate\\Container\\BoundMethod::callBoundMethod(Object(Illuminate\\Foundation\\Application), Array, Object(Closure))
#5 H:\\xampp\\htdocs\\laravel-6\\fullcalendar\\vendor\\laravel\\framework\\src\\Illuminate\\Container\\Container.php(591): Illuminate\\Container\\BoundMethod::call(Object(Illuminate\\Foundation\\Application), Array, Array, NULL)
#6 H:\\xampp\\htdocs\\laravel-6\\fullcalendar\\vendor\\laravel\\framework\\src\\Illuminate\\Foundation\\Application.php(828): Illuminate\\Container\\Container->call(Array)
#7 H:\\xampp\\htdocs\\laravel-6\\fullcalendar\\vendor\\laravel\\framework\\src\\Illuminate\\Foundation\\Application.php(811): Illuminate\\Foundation\\Application->bootProvider(Object(App\\Providers\\AppServiceProvider))
#8 [internal function]: Illuminate\\Foundation\\Application->Illuminate\\Foundation\\{closure}(Object(App\\Providers\\AppServiceProvider), 19)
#9 H:\\xampp\\htdocs\\laravel-6\\fullcalendar\\vendor\\laravel\\framework\\src\\Illuminate\\Foundation\\Application.php(812): array_walk(Array, Object(Closure))
#10 H:\\xampp\\htdocs\\laravel-6\\fullcalendar\\vendor\\laravel\\framework\\src\\Illuminate\\Foundation\\Bootstrap\\BootProviders.php(17): Illuminate\\Foundation\\Application->boot()
#11 H:\\xampp\\htdocs\\laravel-6\\fullcalendar\\vendor\\laravel\\framework\\src\\Illuminate\\Foundation\\Application.php(211): Illuminate\\Foundation\\Bootstrap\\BootProviders->bootstrap(Object(Illuminate\\Foundation\\Application))
#12 H:\\xampp\\htdocs\\laravel-6\\fullcalendar\\vendor\\laravel\\framework\\src\\Illuminate\\Foundation\\Http\\Kernel.php(162): Illuminate\\Foundation\\Application->bootstrapWith(Array)
#13 H:\\xampp\\htdocs\\laravel-6\\fullcalendar\\vendor\\laravel\\framework\\src\\Illuminate\\Foundation\\Http\\Kernel.php(146): Illuminate\\Foundation\\Http\\Kernel->bootstrap()
#14 H:\\xampp\\htdocs\\laravel-6\\fullcalendar\\vendor\\laravel\\framework\\src\\Illuminate\\Foundation\\Http\\Kernel.php(116): Illuminate\\Foundation\\Http\\Kernel->sendRequestThroughRouter(Object(Illuminate\\Http\\Request))
#15 H:\\xampp\\htdocs\\laravel-6\\fullcalendar\\public\\index.php(55): Illuminate\\Foundation\\Http\\Kernel->handle(Object(Illuminate\\Http\\Request))
#16 {main}
"} 
[2019-10-24 23:33:21] local.ERROR: Too few arguments to function Illuminate\Http\Request::get(), 0 passed in H:\xampp\htdocs\laravel-6\fullcalendar\app\Http\Controllers\FullCalendarController.php on line 12 and at least 1 expected {"exception":"[object] (Symfony\\Component\\Debug\\Exception\\FatalThrowableError(code: 0): Too few arguments to function Illuminate\\Http\\Request::get(), 0 passed in H:\\xampp\\htdocs\\laravel-6\\fullcalendar\\app\\Http\\Controllers\\FullCalendarController.php on line 12 and at least 1 expected at H:\\xampp\\htdocs\\laravel-6\\fullcalendar\\vendor\\laravel\\framework\\src\\Illuminate\\Http\\Request.php:334)
[stacktrace]
#0 H:\\xampp\\htdocs\\laravel-6\\fullcalendar\\app\\Http\\Controllers\\FullCalendarController.php(12): Illuminate\\Http\\Request->get()
#1 [internal function]: App\\Http\\Controllers\\FullCalendarController->index(Object(Illuminate\\Http\\Request))
#2 H:\\xampp\\htdocs\\laravel-6\\fullcalendar\\vendor\\laravel\\framework\\src\\Illuminate\\Routing\\Controller.php(54): call_user_func_array(Array, Array)
#3 H:\\xampp\\htdocs\\laravel-6\\fullcalendar\\vendor\\laravel\\framework\\src\\Illuminate\\Routing\\ControllerDispatcher.php(45): Illuminate\\Routing\\Controller->callAction('index', Array)
#4 H:\\xampp\\htdocs\\laravel-6\\fullcalendar\\vendor\\laravel\\framework\\src\\Illuminate\\Routing\\Route.php(219): Illuminate\\Routing\\ControllerDispatcher->dispatch(Object(Illuminate\\Routing\\Route), Object(App\\Http\\Controllers\\FullCalendarController), 'index')
#5 H:\\xampp\\htdocs\\laravel-6\\fullcalendar\\vendor\\laravel\\framework\\src\\Illuminate\\Routing\\Route.php(176): Illuminate\\Routing\\Route->runController()
#6 H:\\xampp\\htdocs\\laravel-6\\fullcalendar\\vendor\\laravel\\framework\\src\\Illuminate\\Routing\\Router.php(680): Illuminate\\Routing\\Route->run()
#7 H:\\xampp\\htdocs\\laravel-6\\fullcalendar\\vendor\\laravel\\framework\\src\\Illuminate\\Pipeline\\Pipeline.php(130): Illuminate\\Routing\\Router->Illuminate\\Routing\\{closure}(Object(Illuminate\\Http\\Request))
#8 H:\\xampp\\htdocs\\laravel-6\\fullcalendar\\vendor\\laravel\\framework\\src\\Illuminate\\Routing\\Middleware\\SubstituteBindings.php(41): Illuminate\\Pipeline\\Pipeline->Illuminate\\Pipeline\\{closure}(Object(Illuminate\\Http\\Request))
#9 H:\\xampp\\htdocs\\laravel-6\\fullcalendar\\vendor\\laravel\\framework\\src\\Illuminate\\Pipeline\\Pipeline.php(171): Illuminate\\Routing\\Middleware\\SubstituteBindings->handle(Object(Illuminate\\Http\\Request), Object(Closure))
#10 H:\\xampp\\htdocs\\laravel-6\\fullcalendar\\vendor\\laravel\\framework\\src\\Illuminate\\Foundation\\Http\\Middleware\\VerifyCsrfToken.php(76): Illuminate\\Pipeline\\Pipeline->Illuminate\\Pipeline\\{closure}(Object(Illuminate\\Http\\Request))
#11 H:\\xampp\\htdocs\\laravel-6\\fullcalendar\\vendor\\laravel\\framework\\src\\Illuminate\\Pipeline\\Pipeline.php(171): Illuminate\\Foundation\\Http\\Middleware\\VerifyCsrfToken->handle(Object(Illuminate\\Http\\Request), Object(Closure))
#12 H:\\xampp\\htdocs\\laravel-6\\fullcalendar\\vendor\\laravel\\framework\\src\\Illuminate\\View\\Middleware\\ShareErrorsFromSession.php(49): Illuminate\\Pipeline\\Pipeline->Illuminate\\Pipeline\\{closure}(Object(Illuminate\\Http\\Request))
#13 H:\\xampp\\htdocs\\laravel-6\\fullcalendar\\vendor\\laravel\\framework\\src\\Illuminate\\Pipeline\\Pipeline.php(171): Illuminate\\View\\Middleware\\ShareErrorsFromSession->handle(Object(Illuminate\\Http\\Request), Object(Closure))
#14 H:\\xampp\\htdocs\\laravel-6\\fullcalendar\\vendor\\laravel\\framework\\src\\Illuminate\\Session\\Middleware\\StartSession.php(56): Illuminate\\Pipeline\\Pipeline->Illuminate\\Pipeline\\{closure}(Object(Illuminate\\Http\\Request))
#15 H:\\xampp\\htdocs\\laravel-6\\fullcalendar\\vendor\\laravel\\framework\\src\\Illuminate\\Pipeline\\Pipeline.php(171): Illuminate\\Session\\Middleware\\StartSession->handle(Object(Illuminate\\Http\\Request), Object(Closure))
#16 H:\\xampp\\htdocs\\laravel-6\\fullcalendar\\vendor\\laravel\\framework\\src\\Illuminate\\Cookie\\Middleware\\AddQueuedCookiesToResponse.php(37): Illuminate\\Pipeline\\Pipeline->Illuminate\\Pipeline\\{closure}(Object(Illuminate\\Http\\Request))
#17 H:\\xampp\\htdocs\\laravel-6\\fullcalendar\\vendor\\laravel\\framework\\src\\Illuminate\\Pipeline\\Pipeline.php(171): Illuminate\\Cookie\\Middleware\\AddQueuedCookiesToResponse->handle(Object(Illuminate\\Http\\Request), Object(Closure))
#18 H:\\xampp\\htdocs\\laravel-6\\fullcalendar\\vendor\\laravel\\framework\\src\\Illuminate\\Cookie\\Middleware\\EncryptCookies.php(66): Illuminate\\Pipeline\\Pipeline->Illuminate\\Pipeline\\{closure}(Object(Illuminate\\Http\\Request))
#19 H:\\xampp\\htdocs\\laravel-6\\fullcalendar\\vendor\\laravel\\framework\\src\\Illuminate\\Pipeline\\Pipeline.php(171): Illuminate\\Cookie\\Middleware\\EncryptCookies->handle(Object(Illuminate\\Http\\Request), Object(Closure))
#20 H:\\xampp\\htdocs\\laravel-6\\fullcalendar\\vendor\\laravel\\framework\\src\\Illuminate\\Pipeline\\Pipeline.php(105): Illuminate\\Pipeline\\Pipeline->Illuminate\\Pipeline\\{closure}(Object(Illuminate\\Http\\Request))
#21 H:\\xampp\\htdocs\\laravel-6\\fullcalendar\\vendor\\laravel\\framework\\src\\Illuminate\\Routing\\Router.php(682): Illuminate\\Pipeline\\Pipeline->then(Object(Closure))
#22 H:\\xampp\\htdocs\\laravel-6\\fullcalendar\\vendor\\laravel\\framework\\src\\Illuminate\\Routing\\Router.php(657): Illuminate\\Routing\\Router->runRouteWithinStack(Object(Illuminate\\Routing\\Route), Object(Illuminate\\Http\\Request))
#23 H:\\xampp\\htdocs\\laravel-6\\fullcalendar\\vendor\\laravel\\framework\\src\\Illuminate\\Routing\\Router.php(623): Illuminate\\Routing\\Router->runRoute(Object(Illuminate\\Http\\Request), Object(Illuminate\\Routing\\Route))
#24 H:\\xampp\\htdocs\\laravel-6\\fullcalendar\\vendor\\laravel\\framework\\src\\Illuminate\\Routing\\Router.php(612): Illuminate\\Routing\\Router->dispatchToRoute(Object(Illuminate\\Http\\Request))
#25 H:\\xampp\\htdocs\\laravel-6\\fullcalendar\\vendor\\laravel\\framework\\src\\Illuminate\\Foundation\\Http\\Kernel.php(176): Illuminate\\Routing\\Router->dispatch(Object(Illuminate\\Http\\Request))
#26 H:\\xampp\\htdocs\\laravel-6\\fullcalendar\\vendor\\laravel\\framework\\src\\Illuminate\\Pipeline\\Pipeline.php(130): Illuminate\\Foundation\\Http\\Kernel->Illuminate\\Foundation\\Http\\{closure}(Object(Illuminate\\Http\\Request))
#27 H:\\xampp\\htdocs\\laravel-6\\fullcalendar\\vendor\\laravel\\framework\\src\\Illuminate\\Foundation\\Http\\Middleware\\TransformsRequest.php(21): Illuminate\\Pipeline\\Pipeline->Illuminate\\Pipeline\\{closure}(Object(Illuminate\\Http\\Request))
#28 H:\\xampp\\htdocs\\laravel-6\\fullcalendar\\vendor\\laravel\\framework\\src\\Illuminate\\Pipeline\\Pipeline.php(171): Illuminate\\Foundation\\Http\\Middleware\\TransformsRequest->handle(Object(Illuminate\\Http\\Request), Object(Closure))
#29 H:\\xampp\\htdocs\\laravel-6\\fullcalendar\\vendor\\laravel\\framework\\src\\Illuminate\\Foundation\\Http\\Middleware\\TransformsRequest.php(21): Illuminate\\Pipeline\\Pipeline->Illuminate\\Pipeline\\{closure}(Object(Illuminate\\Http\\Request))
#30 H:\\xampp\\htdocs\\laravel-6\\fullcalendar\\vendor\\laravel\\framework\\src\\Illuminate\\Pipeline\\Pipeline.php(171): Illuminate\\Foundation\\Http\\Middleware\\TransformsRequest->handle(Object(Illuminate\\Http\\Request), Object(Closure))
#31 H:\\xampp\\htdocs\\laravel-6\\fullcalendar\\vendor\\laravel\\framework\\src\\Illuminate\\Foundation\\Http\\Middleware\\ValidatePostSize.php(27): Illuminate\\Pipeline\\Pipeline->Illuminate\\Pipeline\\{closure}(Object(Illuminate\\Http\\Request))
#32 H:\\xampp\\htdocs\\laravel-6\\fullcalendar\\vendor\\laravel\\framework\\src\\Illuminate\\Pipeline\\Pipeline.php(171): Illuminate\\Foundation\\Http\\Middleware\\ValidatePostSize->handle(Object(Illuminate\\Http\\Request), Object(Closure))
#33 H:\\xampp\\htdocs\\laravel-6\\fullcalendar\\vendor\\laravel\\framework\\src\\Illuminate\\Foundation\\Http\\Middleware\\CheckForMaintenanceMode.php(62): Illuminate\\Pipeline\\Pipeline->Illuminate\\Pipeline\\{closure}(Object(Illuminate\\Http\\Request))
#34 H:\\xampp\\htdocs\\laravel-6\\fullcalendar\\vendor\\laravel\\framework\\src\\Illuminate\\Pipeline\\Pipeline.php(171): Illuminate\\Foundation\\Http\\Middleware\\CheckForMaintenanceMode->handle(Object(Illuminate\\Http\\Request), Object(Closure))
#35 H:\\xampp\\htdocs\\laravel-6\\fullcalendar\\vendor\\fideloper\\proxy\\src\\TrustProxies.php(57): Illuminate\\Pipeline\\Pipeline->Illuminate\\Pipeline\\{closure}(Object(Illuminate\\Http\\Request))
#36 H:\\xampp\\htdocs\\laravel-6\\fullcalendar\\vendor\\laravel\\framework\\src\\Illuminate\\Pipeline\\Pipeline.php(171): Fideloper\\Proxy\\TrustProxies->handle(Object(Illuminate\\Http\\Request), Object(Closure))
#37 H:\\xampp\\htdocs\\laravel-6\\fullcalendar\\vendor\\laravel\\framework\\src\\Illuminate\\Pipeline\\Pipeline.php(105): Illuminate\\Pipeline\\Pipeline->Illuminate\\Pipeline\\{closure}(Object(Illuminate\\Http\\Request))
#38 H:\\xampp\\htdocs\\laravel-6\\fullcalendar\\vendor\\laravel\\framework\\src\\Illuminate\\Foundation\\Http\\Kernel.php(151): Illuminate\\Pipeline\\Pipeline->then(Object(Closure))
#39 H:\\xampp\\htdocs\\laravel-6\\fullcalendar\\vendor\\laravel\\framework\\src\\Illuminate\\Foundation\\Http\\Kernel.php(116): Illuminate\\Foundation\\Http\\Kernel->sendRequestThroughRouter(Object(Illuminate\\Http\\Request))
#40 H:\\xampp\\htdocs\\laravel-6\\fullcalendar\\public\\index.php(55): Illuminate\\Foundation\\Http\\Kernel->handle(Object(Illuminate\\Http\\Request))
#41 {main}
"} 
[2019-10-24 23:42:21] local.ERROR: Class 'App\Http\Controllers\Event' not found {"exception":"[object] (Symfony\\Component\\Debug\\Exception\\FatalThrowableError(code: 0): Class 'App\\Http\\Controllers\\Event' not found at H:\\xampp\\htdocs\\laravel-6\\fullcalendar\\app\\Http\\Controllers\\FullCalendarController.php:22)
[stacktrace]
#0 [internal function]: App\\Http\\Controllers\\FullCalendarController->index(Object(Illuminate\\Http\\Request))
#1 H:\\xampp\\htdocs\\laravel-6\\fullcalendar\\vendor\\laravel\\framework\\src\\Illuminate\\Routing\\Controller.php(54): call_user_func_array(Array, Array)
#2 H:\\xampp\\htdocs\\laravel-6\\fullcalendar\\vendor\\laravel\\framework\\src\\Illuminate\\Routing\\ControllerDispatcher.php(45): Illuminate\\Routing\\Controller->callAction('index', Array)
#3 H:\\xampp\\htdocs\\laravel-6\\fullcalendar\\vendor\\laravel\\framework\\src\\Illuminate\\Routing\\Route.php(219): Illuminate\\Routing\\ControllerDispatcher->dispatch(Object(Illuminate\\Routing\\Route), Object(App\\Http\\Controllers\\FullCalendarController), 'index')
#4 H:\\xampp\\htdocs\\laravel-6\\fullcalendar\\vendor\\laravel\\framework\\src\\Illuminate\\Routing\\Route.php(176): Illuminate\\Routing\\Route->runController()
#5 H:\\xampp\\htdocs\\laravel-6\\fullcalendar\\vendor\\laravel\\framework\\src\\Illuminate\\Routing\\Router.php(680): Illuminate\\Routing\\Route->run()
#6 H:\\xampp\\htdocs\\laravel-6\\fullcalendar\\vendor\\laravel\\framework\\src\\Illuminate\\Pipeline\\Pipeline.php(130): Illuminate\\Routing\\Router->Illuminate\\Routing\\{closure}(Object(Illuminate\\Http\\Request))
#7 H:\\xampp\\htdocs\\laravel-6\\fullcalendar\\vendor\\laravel\\framework\\src\\Illuminate\\Routing\\Middleware\\SubstituteBindings.php(41): Illuminate\\Pipeline\\Pipeline->Illuminate\\Pipeline\\{closure}(Object(Illuminate\\Http\\Request))
#8 H:\\xampp\\htdocs\\laravel-6\\fullcalendar\\vendor\\laravel\\framework\\src\\Illuminate\\Pipeline\\Pipeline.php(171): Illuminate\\Routing\\Middleware\\SubstituteBindings->handle(Object(Illuminate\\Http\\Request), Object(Closure))
#9 H:\\xampp\\htdocs\\laravel-6\\fullcalendar\\vendor\\laravel\\framework\\src\\Illuminate\\Foundation\\Http\\Middleware\\VerifyCsrfToken.php(76): Illuminate\\Pipeline\\Pipeline->Illuminate\\Pipeline\\{closure}(Object(Illuminate\\Http\\Request))
#10 H:\\xampp\\htdocs\\laravel-6\\fullcalendar\\vendor\\laravel\\framework\\src\\Illuminate\\Pipeline\\Pipeline.php(171): Illuminate\\Foundation\\Http\\Middleware\\VerifyCsrfToken->handle(Object(Illuminate\\Http\\Request), Object(Closure))
#11 H:\\xampp\\htdocs\\laravel-6\\fullcalendar\\vendor\\laravel\\framework\\src\\Illuminate\\View\\Middleware\\ShareErrorsFromSession.php(49): Illuminate\\Pipeline\\Pipeline->Illuminate\\Pipeline\\{closure}(Object(Illuminate\\Http\\Request))
#12 H:\\xampp\\htdocs\\laravel-6\\fullcalendar\\vendor\\laravel\\framework\\src\\Illuminate\\Pipeline\\Pipeline.php(171): Illuminate\\View\\Middleware\\ShareErrorsFromSession->handle(Object(Illuminate\\Http\\Request), Object(Closure))
#13 H:\\xampp\\htdocs\\laravel-6\\fullcalendar\\vendor\\laravel\\framework\\src\\Illuminate\\Session\\Middleware\\StartSession.php(56): Illuminate\\Pipeline\\Pipeline->Illuminate\\Pipeline\\{closure}(Object(Illuminate\\Http\\Request))
#14 H:\\xampp\\htdocs\\laravel-6\\fullcalendar\\vendor\\laravel\\framework\\src\\Illuminate\\Pipeline\\Pipeline.php(171): Illuminate\\Session\\Middleware\\StartSession->handle(Object(Illuminate\\Http\\Request), Object(Closure))
#15 H:\\xampp\\htdocs\\laravel-6\\fullcalendar\\vendor\\laravel\\framework\\src\\Illuminate\\Cookie\\Middleware\\AddQueuedCookiesToResponse.php(37): Illuminate\\Pipeline\\Pipeline->Illuminate\\Pipeline\\{closure}(Object(Illuminate\\Http\\Request))
#16 H:\\xampp\\htdocs\\laravel-6\\fullcalendar\\vendor\\laravel\\framework\\src\\Illuminate\\Pipeline\\Pipeline.php(171): Illuminate\\Cookie\\Middleware\\AddQueuedCookiesToResponse->handle(Object(Illuminate\\Http\\Request), Object(Closure))
#17 H:\\xampp\\htdocs\\laravel-6\\fullcalendar\\vendor\\laravel\\framework\\src\\Illuminate\\Cookie\\Middleware\\EncryptCookies.php(66): Illuminate\\Pipeline\\Pipeline->Illuminate\\Pipeline\\{closure}(Object(Illuminate\\Http\\Request))
#18 H:\\xampp\\htdocs\\laravel-6\\fullcalendar\\vendor\\laravel\\framework\\src\\Illuminate\\Pipeline\\Pipeline.php(171): Illuminate\\Cookie\\Middleware\\EncryptCookies->handle(Object(Illuminate\\Http\\Request), Object(Closure))
#19 H:\\xampp\\htdocs\\laravel-6\\fullcalendar\\vendor\\laravel\\framework\\src\\Illuminate\\Pipeline\\Pipeline.php(105): Illuminate\\Pipeline\\Pipeline->Illuminate\\Pipeline\\{closure}(Object(Illuminate\\Http\\Request))
#20 H:\\xampp\\htdocs\\laravel-6\\fullcalendar\\vendor\\laravel\\framework\\src\\Illuminate\\Routing\\Router.php(682): Illuminate\\Pipeline\\Pipeline->then(Object(Closure))
#21 H:\\xampp\\htdocs\\laravel-6\\fullcalendar\\vendor\\laravel\\framework\\src\\Illuminate\\Routing\\Router.php(657): Illuminate\\Routing\\Router->runRouteWithinStack(Object(Illuminate\\Routing\\Route), Object(Illuminate\\Http\\Request))
#22 H:\\xampp\\htdocs\\laravel-6\\fullcalendar\\vendor\\laravel\\framework\\src\\Illuminate\\Routing\\Router.php(623): Illuminate\\Routing\\Router->runRoute(Object(Illuminate\\Http\\Request), Object(Illuminate\\Routing\\Route))
#23 H:\\xampp\\htdocs\\laravel-6\\fullcalendar\\vendor\\laravel\\framework\\src\\Illuminate\\Routing\\Router.php(612): Illuminate\\Routing\\Router->dispatchToRoute(Object(Illuminate\\Http\\Request))
#24 H:\\xampp\\htdocs\\laravel-6\\fullcalendar\\vendor\\laravel\\framework\\src\\Illuminate\\Foundation\\Http\\Kernel.php(176): Illuminate\\Routing\\Router->dispatch(Object(Illuminate\\Http\\Request))
#25 H:\\xampp\\htdocs\\laravel-6\\fullcalendar\\vendor\\laravel\\framework\\src\\Illuminate\\Pipeline\\Pipeline.php(130): Illuminate\\Foundation\\Http\\Kernel->Illuminate\\Foundation\\Http\\{closure}(Object(Illuminate\\Http\\Request))
#26 H:\\xampp\\htdocs\\laravel-6\\fullcalendar\\vendor\\laravel\\framework\\src\\Illuminate\\Foundation\\Http\\Middleware\\TransformsRequest.php(21): Illuminate\\Pipeline\\Pipeline->Illuminate\\Pipeline\\{closure}(Object(Illuminate\\Http\\Request))
#27 H:\\xampp\\htdocs\\laravel-6\\fullcalendar\\vendor\\laravel\\framework\\src\\Illuminate\\Pipeline\\Pipeline.php(171): Illuminate\\Foundation\\Http\\Middleware\\TransformsRequest->handle(Object(Illuminate\\Http\\Request), Object(Closure))
#28 H:\\xampp\\htdocs\\laravel-6\\fullcalendar\\vendor\\laravel\\framework\\src\\Illuminate\\Foundation\\Http\\Middleware\\TransformsRequest.php(21): Illuminate\\Pipeline\\Pipeline->Illuminate\\Pipeline\\{closure}(Object(Illuminate\\Http\\Request))
#29 H:\\xampp\\htdocs\\laravel-6\\fullcalendar\\vendor\\laravel\\framework\\src\\Illuminate\\Pipeline\\Pipeline.php(171): Illuminate\\Foundation\\Http\\Middleware\\TransformsRequest->handle(Object(Illuminate\\Http\\Request), Object(Closure))
#30 H:\\xampp\\htdocs\\laravel-6\\fullcalendar\\vendor\\laravel\\framework\\src\\Illuminate\\Foundation\\Http\\Middleware\\ValidatePostSize.php(27): Illuminate\\Pipeline\\Pipeline->Illuminate\\Pipeline\\{closure}(Object(Illuminate\\Http\\Request))
#31 H:\\xampp\\htdocs\\laravel-6\\fullcalendar\\vendor\\laravel\\framework\\src\\Illuminate\\Pipeline\\Pipeline.php(171): Illuminate\\Foundation\\Http\\Middleware\\ValidatePostSize->handle(Object(Illuminate\\Http\\Request), Object(Closure))
#32 H:\\xampp\\htdocs\\laravel-6\\fullcalendar\\vendor\\laravel\\framework\\src\\Illuminate\\Foundation\\Http\\Middleware\\CheckForMaintenanceMode.php(62): Illuminate\\Pipeline\\Pipeline->Illuminate\\Pipeline\\{closure}(Object(Illuminate\\Http\\Request))
#33 H:\\xampp\\htdocs\\laravel-6\\fullcalendar\\vendor\\laravel\\framework\\src\\Illuminate\\Pipeline\\Pipeline.php(171): Illuminate\\Foundation\\Http\\Middleware\\CheckForMaintenanceMode->handle(Object(Illuminate\\Http\\Request), Object(Closure))
#34 H:\\xampp\\htdocs\\laravel-6\\fullcalendar\\vendor\\fideloper\\proxy\\src\\TrustProxies.php(57): Illuminate\\Pipeline\\Pipeline->Illuminate\\Pipeline\\{closure}(Object(Illuminate\\Http\\Request))
#35 H:\\xampp\\htdocs\\laravel-6\\fullcalendar\\vendor\\laravel\\framework\\src\\Illuminate\\Pipeline\\Pipeline.php(171): Fideloper\\Proxy\\TrustProxies->handle(Object(Illuminate\\Http\\Request), Object(Closure))
#36 H:\\xampp\\htdocs\\laravel-6\\fullcalendar\\vendor\\laravel\\framework\\src\\Illuminate\\Pipeline\\Pipeline.php(105): Illuminate\\Pipeline\\Pipeline->Illuminate\\Pipeline\\{closure}(Object(Illuminate\\Http\\Request))
#37 H:\\xampp\\htdocs\\laravel-6\\fullcalendar\\vendor\\laravel\\framework\\src\\Illuminate\\Foundation\\Http\\Kernel.php(151): Illuminate\\Pipeline\\Pipeline->then(Object(Closure))
#38 H:\\xampp\\htdocs\\laravel-6\\fullcalendar\\vendor\\laravel\\framework\\src\\Illuminate\\Foundation\\Http\\Kernel.php(116): Illuminate\\Foundation\\Http\\Kernel->sendRequestThroughRouter(Object(Illuminate\\Http\\Request))
#39 H:\\xampp\\htdocs\\laravel-6\\fullcalendar\\public\\index.php(55): Illuminate\\Foundation\\Http\\Kernel->handle(Object(Illuminate\\Http\\Request))
#40 {main}
"} 
