[2019-10-27 00:04:05] production.ERROR: No application encryption key has been specified. {"exception":"[object] (RuntimeException(code: 0): No application encryption key has been specified. at H:\\xampp\\htdocs\\laravel-6\\fullcalendar\\vendor\\laravel\\framework\\src\\Illuminate\\Encryption\\EncryptionServiceProvider.php:44)
[stacktrace]
#0 H:\\xampp\\htdocs\\laravel-6\\fullcalendar\\vendor\\laravel\\framework\\src\\Illuminate\\Support\\helpers.php(422): Illuminate\\Encryption\\EncryptionServiceProvider->Illuminate\\Encryption\\{closure}(NULL)
#1 H:\\xampp\\htdocs\\laravel-6\\fullcalendar\\vendor\\laravel\\framework\\src\\Illuminate\\Encryption\\EncryptionServiceProvider.php(48): tap(NULL, Object(Closure))
#2 H:\\xampp\\htdocs\\laravel-6\\fullcalendar\\vendor\\laravel\\framework\\src\\Illuminate\\Encryption\\EncryptionServiceProvider.php(24): Illuminate\\Encryption\\EncryptionServiceProvider->key(Array)
#3 H:\\xampp\\htdocs\\laravel-6\\fullcalendar\\vendor\\laravel\\framework\\src\\Illuminate\\Container\\Container.php(800): Illuminate\\Encryption\\EncryptionServiceProvider->Illuminate\\Encryption\\{closure}(Object(Illuminate\\Foundation\\Application), Array)
#4 H:\\xampp\\htdocs\\laravel-6\\fullcalendar\\vendor\\laravel\\framework\\src\\Illuminate\\Container\\Container.php(682): Illuminate\\Container\\Container->build(Object(Closure))
#5 H:\\xampp\\htdocs\\laravel-6\\fullcalendar\\vendor\\laravel\\framework\\src\\Illuminate\\Container\\Container.php(630): Illuminate\\Container\\Container->resolve('encrypter', Array)
#6 H:\\xampp\\htdocs\\laravel-6\\fullcalendar\\vendor\\laravel\\framework\\src\\Illuminate\\Foundation\\Application.php(768): Illuminate\\Container\\Container->make('encrypter', Array)
#7 H:\\xampp\\htdocs\\laravel-6\\fullcalendar\\vendor\\laravel\\framework\\src\\Illuminate\\Container\\Container.php(946): Illuminate\\Foundation\\Application->make('encrypter')
#8 H:\\xampp\\htdocs\\laravel-6\\fullcalendar\\vendor\\laravel\\framework\\src\\Illuminate\\Container\\Container.php(874): Illuminate\\Container\\Container->resolveClass(Object(ReflectionParameter))
#9 H:\\xampp\\htdocs\\laravel-6\\fullcalendar\\vendor\\laravel\\framework\\src\\Illuminate\\Container\\Container.php(835): Illuminate\\Container\\Container->resolveDependencies(Array)
#10 H:\\xampp\\htdocs\\laravel-6\\fullcalendar\\vendor\\laravel\\framework\\src\\Illuminate\\Container\\Container.php(682): Illuminate\\Container\\Container->build('App\\\\Http\\\\Middle...')
#11 H:\\xampp\\htdocs\\laravel-6\\fullcalendar\\vendor\\laravel\\framework\\src\\Illuminate\\Container\\Container.php(630): Illuminate\\Container\\Container->resolve('App\\\\Http\\\\Middle...', Array)
#12 H:\\xampp\\htdocs\\laravel-6\\fullcalendar\\vendor\\laravel\\framework\\src\\Illuminate\\Foundation\\Application.php(768): Illuminate\\Container\\Container->make('App\\\\Http\\\\Middle...', Array)
#13 H:\\xampp\\htdocs\\laravel-6\\fullcalendar\\vendor\\laravel\\framework\\src\\Illuminate\\Pipeline\\Pipeline.php(160): Illuminate\\Foundation\\Application->make('App\\\\Http\\\\Middle...')
#14 H:\\xampp\\htdocs\\laravel-6\\fullcalendar\\vendor\\laravel\\framework\\src\\Illuminate\\Pipeline\\Pipeline.php(105): Illuminate\\Pipeline\\Pipeline->Illuminate\\Pipeline\\{closure}(Object(Illuminate\\Http\\Request))
#15 H:\\xampp\\htdocs\\laravel-6\\fullcalendar\\vendor\\laravel\\framework\\src\\Illuminate\\Routing\\Router.php(682): Illuminate\\Pipeline\\Pipeline->then(Object(Closure))
#16 H:\\xampp\\htdocs\\laravel-6\\fullcalendar\\vendor\\laravel\\framework\\src\\Illuminate\\Routing\\Router.php(657): Illuminate\\Routing\\Router->runRouteWithinStack(Object(Illuminate\\Routing\\Route), Object(Illuminate\\Http\\Request))
#17 H:\\xampp\\htdocs\\laravel-6\\fullcalendar\\vendor\\laravel\\framework\\src\\Illuminate\\Routing\\Router.php(623): Illuminate\\Routing\\Router->runRoute(Object(Illuminate\\Http\\Request), Object(Illuminate\\Routing\\Route))
#18 H:\\xampp\\htdocs\\laravel-6\\fullcalendar\\vendor\\laravel\\framework\\src\\Illuminate\\Routing\\Router.php(612): Illuminate\\Routing\\Router->dispatchToRoute(Object(Illuminate\\Http\\Request))
#19 H:\\xampp\\htdocs\\laravel-6\\fullcalendar\\vendor\\laravel\\framework\\src\\Illuminate\\Foundation\\Http\\Kernel.php(176): Illuminate\\Routing\\Router->dispatch(Object(Illuminate\\Http\\Request))
#20 H:\\xampp\\htdocs\\laravel-6\\fullcalendar\\vendor\\laravel\\framework\\src\\Illuminate\\Pipeline\\Pipeline.php(130): Illuminate\\Foundation\\Http\\Kernel->Illuminate\\Foundation\\Http\\{closure}(Object(Illuminate\\Http\\Request))
#21 H:\\xampp\\htdocs\\laravel-6\\fullcalendar\\vendor\\laravel\\framework\\src\\Illuminate\\Foundation\\Http\\Middleware\\TransformsRequest.php(21): Illuminate\\Pipeline\\Pipeline->Illuminate\\Pipeline\\{closure}(Object(Illuminate\\Http\\Request))
#22 H:\\xampp\\htdocs\\laravel-6\\fullcalendar\\vendor\\laravel\\framework\\src\\Illuminate\\Pipeline\\Pipeline.php(171): Illuminate\\Foundation\\Http\\Middleware\\TransformsRequest->handle(Object(Illuminate\\Http\\Request), Object(Closure))
#23 H:\\xampp\\htdocs\\laravel-6\\fullcalendar\\vendor\\laravel\\framework\\src\\Illuminate\\Foundation\\Http\\Middleware\\TransformsRequest.php(21): Illuminate\\Pipeline\\Pipeline->Illuminate\\Pipeline\\{closure}(Object(Illuminate\\Http\\Request))
#24 H:\\xampp\\htdocs\\laravel-6\\fullcalendar\\vendor\\laravel\\framework\\src\\Illuminate\\Pipeline\\Pipeline.php(171): Illuminate\\Foundation\\Http\\Middleware\\TransformsRequest->handle(Object(Illuminate\\Http\\Request), Object(Closure))
#25 H:\\xampp\\htdocs\\laravel-6\\fullcalendar\\vendor\\laravel\\framework\\src\\Illuminate\\Foundation\\Http\\Middleware\\ValidatePostSize.php(27): Illuminate\\Pipeline\\Pipeline->Illuminate\\Pipeline\\{closure}(Object(Illuminate\\Http\\Request))
#26 H:\\xampp\\htdocs\\laravel-6\\fullcalendar\\vendor\\laravel\\framework\\src\\Illuminate\\Pipeline\\Pipeline.php(171): Illuminate\\Foundation\\Http\\Middleware\\ValidatePostSize->handle(Object(Illuminate\\Http\\Request), Object(Closure))
#27 H:\\xampp\\htdocs\\laravel-6\\fullcalendar\\vendor\\laravel\\framework\\src\\Illuminate\\Foundation\\Http\\Middleware\\CheckForMaintenanceMode.php(62): Illuminate\\Pipeline\\Pipeline->Illuminate\\Pipeline\\{closure}(Object(Illuminate\\Http\\Request))
#28 H:\\xampp\\htdocs\\laravel-6\\fullcalendar\\vendor\\laravel\\framework\\src\\Illuminate\\Pipeline\\Pipeline.php(171): Illuminate\\Foundation\\Http\\Middleware\\CheckForMaintenanceMode->handle(Object(Illuminate\\Http\\Request), Object(Closure))
#29 H:\\xampp\\htdocs\\laravel-6\\fullcalendar\\vendor\\fideloper\\proxy\\src\\TrustProxies.php(57): Illuminate\\Pipeline\\Pipeline->Illuminate\\Pipeline\\{closure}(Object(Illuminate\\Http\\Request))
#30 H:\\xampp\\htdocs\\laravel-6\\fullcalendar\\vendor\\laravel\\framework\\src\\Illuminate\\Pipeline\\Pipeline.php(171): Fideloper\\Proxy\\TrustProxies->handle(Object(Illuminate\\Http\\Request), Object(Closure))
#31 H:\\xampp\\htdocs\\laravel-6\\fullcalendar\\vendor\\laravel\\framework\\src\\Illuminate\\Pipeline\\Pipeline.php(105): Illuminate\\Pipeline\\Pipeline->Illuminate\\Pipeline\\{closure}(Object(Illuminate\\Http\\Request))
#32 H:\\xampp\\htdocs\\laravel-6\\fullcalendar\\vendor\\laravel\\framework\\src\\Illuminate\\Foundation\\Http\\Kernel.php(151): Illuminate\\Pipeline\\Pipeline->then(Object(Closure))
#33 H:\\xampp\\htdocs\\laravel-6\\fullcalendar\\vendor\\laravel\\framework\\src\\Illuminate\\Foundation\\Http\\Kernel.php(116): Illuminate\\Foundation\\Http\\Kernel->sendRequestThroughRouter(Object(Illuminate\\Http\\Request))
#34 H:\\xampp\\htdocs\\laravel-6\\fullcalendar\\public\\index.php(55): Illuminate\\Foundation\\Http\\Kernel->handle(Object(Illuminate\\Http\\Request))
#35 {main}
"} 
[2019-10-27 00:04:05] production.ERROR: No application encryption key has been specified. {"exception":"[object] (RuntimeException(code: 0): No application encryption key has been specified. at H:\\xampp\\htdocs\\laravel-6\\fullcalendar\\vendor\\laravel\\framework\\src\\Illuminate\\Encryption\\EncryptionServiceProvider.php:44)
[stacktrace]
#0 H:\\xampp\\htdocs\\laravel-6\\fullcalendar\\vendor\\laravel\\framework\\src\\Illuminate\\Support\\helpers.php(422): Illuminate\\Encryption\\EncryptionServiceProvider->Illuminate\\Encryption\\{closure}(NULL)
#1 H:\\xampp\\htdocs\\laravel-6\\fullcalendar\\vendor\\laravel\\framework\\src\\Illuminate\\Encryption\\EncryptionServiceProvider.php(48): tap(NULL, Object(Closure))
#2 H:\\xampp\\htdocs\\laravel-6\\fullcalendar\\vendor\\laravel\\framework\\src\\Illuminate\\Encryption\\EncryptionServiceProvider.php(24): Illuminate\\Encryption\\EncryptionServiceProvider->key(Array)
#3 H:\\xampp\\htdocs\\laravel-6\\fullcalendar\\vendor\\laravel\\framework\\src\\Illuminate\\Container\\Container.php(800): Illuminate\\Encryption\\EncryptionServiceProvider->Illuminate\\Encryption\\{closure}(Object(Illuminate\\Foundation\\Application), Array)
#4 H:\\xampp\\htdocs\\laravel-6\\fullcalendar\\vendor\\laravel\\framework\\src\\Illuminate\\Container\\Container.php(682): Illuminate\\Container\\Container->build(Object(Closure))
#5 H:\\xampp\\htdocs\\laravel-6\\fullcalendar\\vendor\\laravel\\framework\\src\\Illuminate\\Container\\Container.php(630): Illuminate\\Container\\Container->resolve('encrypter', Array)
#6 H:\\xampp\\htdocs\\laravel-6\\fullcalendar\\vendor\\laravel\\framework\\src\\Illuminate\\Foundation\\Application.php(768): Illuminate\\Container\\Container->make('encrypter', Array)
#7 H:\\xampp\\htdocs\\laravel-6\\fullcalendar\\vendor\\laravel\\framework\\src\\Illuminate\\Container\\Container.php(946): Illuminate\\Foundation\\Application->make('encrypter')
#8 H:\\xampp\\htdocs\\laravel-6\\fullcalendar\\vendor\\laravel\\framework\\src\\Illuminate\\Container\\Container.php(874): Illuminate\\Container\\Container->resolveClass(Object(ReflectionParameter))
#9 H:\\xampp\\htdocs\\laravel-6\\fullcalendar\\vendor\\laravel\\framework\\src\\Illuminate\\Container\\Container.php(835): Illuminate\\Container\\Container->resolveDependencies(Array)
#10 H:\\xampp\\htdocs\\laravel-6\\fullcalendar\\vendor\\laravel\\framework\\src\\Illuminate\\Container\\Container.php(682): Illuminate\\Container\\Container->build('App\\\\Http\\\\Middle...')
#11 H:\\xampp\\htdocs\\laravel-6\\fullcalendar\\vendor\\laravel\\framework\\src\\Illuminate\\Container\\Container.php(630): Illuminate\\Container\\Container->resolve('App\\\\Http\\\\Middle...', Array)
#12 H:\\xampp\\htdocs\\laravel-6\\fullcalendar\\vendor\\laravel\\framework\\src\\Illuminate\\Foundation\\Application.php(768): Illuminate\\Container\\Container->make('App\\\\Http\\\\Middle...', Array)
#13 H:\\xampp\\htdocs\\laravel-6\\fullcalendar\\vendor\\laravel\\framework\\src\\Illuminate\\Foundation\\Http\\Kernel.php(215): Illuminate\\Foundation\\Application->make('App\\\\Http\\\\Middle...')
#14 H:\\xampp\\htdocs\\laravel-6\\fullcalendar\\vendor\\laravel\\framework\\src\\Illuminate\\Foundation\\Http\\Kernel.php(189): Illuminate\\Foundation\\Http\\Kernel->terminateMiddleware(Object(Illuminate\\Http\\Request), Object(Illuminate\\Http\\Response))
#15 H:\\xampp\\htdocs\\laravel-6\\fullcalendar\\public\\index.php(60): Illuminate\\Foundation\\Http\\Kernel->terminate(Object(Illuminate\\Http\\Request), Object(Illuminate\\Http\\Response))
#16 {main}
"} 
[2019-10-27 00:23:57] local.ERROR: Unable to locate Mix file: /assets/fullcalendarNPM/css/bootstrap.css. (View: H:\xampp\htdocs\laravel-6\fullcalendar\resources\views\fullcalendar\template\masterNPM.blade.php) {"exception":"[object] (Facade\\Ignition\\Exceptions\\ViewException(code: 0): Unable to locate Mix file: /assets/fullcalendarNPM/css/bootstrap.css. (View: H:\\xampp\\htdocs\\laravel-6\\fullcalendar\esources\\views\\fullcalendar\\template\\masterNPM.blade.php) at H:\\xampp\\htdocs\\laravel-6\\fullcalendar\\vendor\\laravel\\framework\\src\\Illuminate\\Foundation\\Mix.php:55)
[stacktrace]
#0 H:\\xampp\\htdocs\\laravel-6\\fullcalendar\\vendor\\laravel\\framework\\src\\Illuminate\\Foundation\\helpers.php(579): Illuminate\\Foundation\\Mix->__invoke('/assets/fullcal...')
#1 H:\\xampp\\htdocs\\laravel-6\\fullcalendar\esources\\views/fullcalendar/template/masterNPM.blade.php(8): mix('assets/fullcale...')
#2 H:\\xampp\\htdocs\\laravel-6\\fullcalendar\\vendor\\laravel\\framework\\src\\Illuminate\\View\\Engines\\PhpEngine.php(43): include('H:\\\\xampp\\\\htdocs...')
#3 H:\\xampp\\htdocs\\laravel-6\\fullcalendar\\vendor\\laravel\\framework\\src\\Illuminate\\View\\Engines\\CompilerEngine.php(59): Illuminate\\View\\Engines\\PhpEngine->evaluatePath('H:\\\\xampp\\\\htdocs...', Array)
#4 H:\\xampp\\htdocs\\laravel-6\\fullcalendar\\vendor\\facade\\ignition\\src\\Views\\Engines\\CompilerEngine.php(36): Illuminate\\View\\Engines\\CompilerEngine->get('H:\\\\xampp\\\\htdocs...', Array)
#5 H:\\xampp\\htdocs\\laravel-6\\fullcalendar\\vendor\\laravel\\framework\\src\\Illuminate\\View\\View.php(143): Facade\\Ignition\\Views\\Engines\\CompilerEngine->get('H:\\\\xampp\\\\htdocs...', Array)
#6 H:\\xampp\\htdocs\\laravel-6\\fullcalendar\\vendor\\laravel\\framework\\src\\Illuminate\\View\\View.php(126): Illuminate\\View\\View->getContents()
#7 H:\\xampp\\htdocs\\laravel-6\\fullcalendar\\vendor\\laravel\\framework\\src\\Illuminate\\View\\View.php(91): Illuminate\\View\\View->renderContents()
#8 H:\\xampp\\htdocs\\laravel-6\\fullcalendar\esources\\views/fullcalendar/views/calendarNPM.blade.php(49): Illuminate\\View\\View->render()
#9 H:\\xampp\\htdocs\\laravel-6\\fullcalendar\\vendor\\laravel\\framework\\src\\Illuminate\\View\\Engines\\PhpEngine.php(43): include('H:\\\\xampp\\\\htdocs...')
#10 H:\\xampp\\htdocs\\laravel-6\\fullcalendar\\vendor\\laravel\\framework\\src\\Illuminate\\View\\Engines\\CompilerEngine.php(59): Illuminate\\View\\Engines\\PhpEngine->evaluatePath('H:\\\\xampp\\\\htdocs...', Array)
#11 H:\\xampp\\htdocs\\laravel-6\\fullcalendar\\vendor\\facade\\ignition\\src\\Views\\Engines\\CompilerEngine.php(36): Illuminate\\View\\Engines\\CompilerEngine->get('H:\\\\xampp\\\\htdocs...', Array)
#12 H:\\xampp\\htdocs\\laravel-6\\fullcalendar\\vendor\\laravel\\framework\\src\\Illuminate\\View\\View.php(143): Facade\\Ignition\\Views\\Engines\\CompilerEngine->get('H:\\\\xampp\\\\htdocs...', Array)
#13 H:\\xampp\\htdocs\\laravel-6\\fullcalendar\\vendor\\laravel\\framework\\src\\Illuminate\\View\\View.php(126): Illuminate\\View\\View->getContents()
#14 H:\\xampp\\htdocs\\laravel-6\\fullcalendar\\vendor\\laravel\\framework\\src\\Illuminate\\View\\View.php(91): Illuminate\\View\\View->renderContents()
#15 H:\\xampp\\htdocs\\laravel-6\\fullcalendar\\vendor\\laravel\\framework\\src\\Illuminate\\Http\\Response.php(42): Illuminate\\View\\View->render()
#16 H:\\xampp\\htdocs\\laravel-6\\fullcalendar\\vendor\\symfony\\http-foundation\\Response.php(202): Illuminate\\Http\\Response->setContent(Object(Illuminate\\View\\View))
#17 H:\\xampp\\htdocs\\laravel-6\\fullcalendar\\vendor\\laravel\\framework\\src\\Illuminate\\Routing\\Router.php(748): Symfony\\Component\\HttpFoundation\\Response->__construct(Object(Illuminate\\View\\View))
#18 H:\\xampp\\htdocs\\laravel-6\\fullcalendar\\vendor\\laravel\\framework\\src\\Illuminate\\Routing\\Router.php(720): Illuminate\\Routing\\Router::toResponse(Object(Illuminate\\Http\\Request), Object(Illuminate\\View\\View))
#19 H:\\xampp\\htdocs\\laravel-6\\fullcalendar\\vendor\\laravel\\framework\\src\\Illuminate\\Routing\\Router.php(680): Illuminate\\Routing\\Router->prepareResponse(Object(Illuminate\\Http\\Request), Object(Illuminate\\View\\View))
#20 H:\\xampp\\htdocs\\laravel-6\\fullcalendar\\vendor\\laravel\\framework\\src\\Illuminate\\Pipeline\\Pipeline.php(130): Illuminate\\Routing\\Router->Illuminate\\Routing\\{closure}(Object(Illuminate\\Http\\Request))
#21 H:\\xampp\\htdocs\\laravel-6\\fullcalendar\\vendor\\laravel\\framework\\src\\Illuminate\\Routing\\Middleware\\SubstituteBindings.php(41): Illuminate\\Pipeline\\Pipeline->Illuminate\\Pipeline\\{closure}(Object(Illuminate\\Http\\Request))
#22 H:\\xampp\\htdocs\\laravel-6\\fullcalendar\\vendor\\laravel\\framework\\src\\Illuminate\\Pipeline\\Pipeline.php(171): Illuminate\\Routing\\Middleware\\SubstituteBindings->handle(Object(Illuminate\\Http\\Request), Object(Closure))
#23 H:\\xampp\\htdocs\\laravel-6\\fullcalendar\\vendor\\laravel\\framework\\src\\Illuminate\\Foundation\\Http\\Middleware\\VerifyCsrfToken.php(76): Illuminate\\Pipeline\\Pipeline->Illuminate\\Pipeline\\{closure}(Object(Illuminate\\Http\\Request))
#24 H:\\xampp\\htdocs\\laravel-6\\fullcalendar\\vendor\\laravel\\framework\\src\\Illuminate\\Pipeline\\Pipeline.php(171): Illuminate\\Foundation\\Http\\Middleware\\VerifyCsrfToken->handle(Object(Illuminate\\Http\\Request), Object(Closure))
#25 H:\\xampp\\htdocs\\laravel-6\\fullcalendar\\vendor\\laravel\\framework\\src\\Illuminate\\View\\Middleware\\ShareErrorsFromSession.php(49): Illuminate\\Pipeline\\Pipeline->Illuminate\\Pipeline\\{closure}(Object(Illuminate\\Http\\Request))
#26 H:\\xampp\\htdocs\\laravel-6\\fullcalendar\\vendor\\laravel\\framework\\src\\Illuminate\\Pipeline\\Pipeline.php(171): Illuminate\\View\\Middleware\\ShareErrorsFromSession->handle(Object(Illuminate\\Http\\Request), Object(Closure))
#27 H:\\xampp\\htdocs\\laravel-6\\fullcalendar\\vendor\\laravel\\framework\\src\\Illuminate\\Session\\Middleware\\StartSession.php(56): Illuminate\\Pipeline\\Pipeline->Illuminate\\Pipeline\\{closure}(Object(Illuminate\\Http\\Request))
#28 H:\\xampp\\htdocs\\laravel-6\\fullcalendar\\vendor\\laravel\\framework\\src\\Illuminate\\Pipeline\\Pipeline.php(171): Illuminate\\Session\\Middleware\\StartSession->handle(Object(Illuminate\\Http\\Request), Object(Closure))
#29 H:\\xampp\\htdocs\\laravel-6\\fullcalendar\\vendor\\laravel\\framework\\src\\Illuminate\\Cookie\\Middleware\\AddQueuedCookiesToResponse.php(37): Illuminate\\Pipeline\\Pipeline->Illuminate\\Pipeline\\{closure}(Object(Illuminate\\Http\\Request))
#30 H:\\xampp\\htdocs\\laravel-6\\fullcalendar\\vendor\\laravel\\framework\\src\\Illuminate\\Pipeline\\Pipeline.php(171): Illuminate\\Cookie\\Middleware\\AddQueuedCookiesToResponse->handle(Object(Illuminate\\Http\\Request), Object(Closure))
#31 H:\\xampp\\htdocs\\laravel-6\\fullcalendar\\vendor\\laravel\\framework\\src\\Illuminate\\Cookie\\Middleware\\EncryptCookies.php(66): Illuminate\\Pipeline\\Pipeline->Illuminate\\Pipeline\\{closure}(Object(Illuminate\\Http\\Request))
#32 H:\\xampp\\htdocs\\laravel-6\\fullcalendar\\vendor\\laravel\\framework\\src\\Illuminate\\Pipeline\\Pipeline.php(171): Illuminate\\Cookie\\Middleware\\EncryptCookies->handle(Object(Illuminate\\Http\\Request), Object(Closure))
#33 H:\\xampp\\htdocs\\laravel-6\\fullcalendar\\vendor\\laravel\\framework\\src\\Illuminate\\Pipeline\\Pipeline.php(105): Illuminate\\Pipeline\\Pipeline->Illuminate\\Pipeline\\{closure}(Object(Illuminate\\Http\\Request))
#34 H:\\xampp\\htdocs\\laravel-6\\fullcalendar\\vendor\\laravel\\framework\\src\\Illuminate\\Routing\\Router.php(682): Illuminate\\Pipeline\\Pipeline->then(Object(Closure))
#35 H:\\xampp\\htdocs\\laravel-6\\fullcalendar\\vendor\\laravel\\framework\\src\\Illuminate\\Routing\\Router.php(657): Illuminate\\Routing\\Router->runRouteWithinStack(Object(Illuminate\\Routing\\Route), Object(Illuminate\\Http\\Request))
#36 H:\\xampp\\htdocs\\laravel-6\\fullcalendar\\vendor\\laravel\\framework\\src\\Illuminate\\Routing\\Router.php(623): Illuminate\\Routing\\Router->runRoute(Object(Illuminate\\Http\\Request), Object(Illuminate\\Routing\\Route))
#37 H:\\xampp\\htdocs\\laravel-6\\fullcalendar\\vendor\\laravel\\framework\\src\\Illuminate\\Routing\\Router.php(612): Illuminate\\Routing\\Router->dispatchToRoute(Object(Illuminate\\Http\\Request))
#38 H:\\xampp\\htdocs\\laravel-6\\fullcalendar\\vendor\\laravel\\framework\\src\\Illuminate\\Foundation\\Http\\Kernel.php(176): Illuminate\\Routing\\Router->dispatch(Object(Illuminate\\Http\\Request))
#39 H:\\xampp\\htdocs\\laravel-6\\fullcalendar\\vendor\\laravel\\framework\\src\\Illuminate\\Pipeline\\Pipeline.php(130): Illuminate\\Foundation\\Http\\Kernel->Illuminate\\Foundation\\Http\\{closure}(Object(Illuminate\\Http\\Request))
#40 H:\\xampp\\htdocs\\laravel-6\\fullcalendar\\vendor\\laravel\\framework\\src\\Illuminate\\Foundation\\Http\\Middleware\\TransformsRequest.php(21): Illuminate\\Pipeline\\Pipeline->Illuminate\\Pipeline\\{closure}(Object(Illuminate\\Http\\Request))
#41 H:\\xampp\\htdocs\\laravel-6\\fullcalendar\\vendor\\laravel\\framework\\src\\Illuminate\\Pipeline\\Pipeline.php(171): Illuminate\\Foundation\\Http\\Middleware\\TransformsRequest->handle(Object(Illuminate\\Http\\Request), Object(Closure))
#42 H:\\xampp\\htdocs\\laravel-6\\fullcalendar\\vendor\\laravel\\framework\\src\\Illuminate\\Foundation\\Http\\Middleware\\TransformsRequest.php(21): Illuminate\\Pipeline\\Pipeline->Illuminate\\Pipeline\\{closure}(Object(Illuminate\\Http\\Request))
#43 H:\\xampp\\htdocs\\laravel-6\\fullcalendar\\vendor\\laravel\\framework\\src\\Illuminate\\Pipeline\\Pipeline.php(171): Illuminate\\Foundation\\Http\\Middleware\\TransformsRequest->handle(Object(Illuminate\\Http\\Request), Object(Closure))
#44 H:\\xampp\\htdocs\\laravel-6\\fullcalendar\\vendor\\laravel\\framework\\src\\Illuminate\\Foundation\\Http\\Middleware\\ValidatePostSize.php(27): Illuminate\\Pipeline\\Pipeline->Illuminate\\Pipeline\\{closure}(Object(Illuminate\\Http\\Request))
#45 H:\\xampp\\htdocs\\laravel-6\\fullcalendar\\vendor\\laravel\\framework\\src\\Illuminate\\Pipeline\\Pipeline.php(171): Illuminate\\Foundation\\Http\\Middleware\\ValidatePostSize->handle(Object(Illuminate\\Http\\Request), Object(Closure))
#46 H:\\xampp\\htdocs\\laravel-6\\fullcalendar\\vendor\\laravel\\framework\\src\\Illuminate\\Foundation\\Http\\Middleware\\CheckForMaintenanceMode.php(62): Illuminate\\Pipeline\\Pipeline->Illuminate\\Pipeline\\{closure}(Object(Illuminate\\Http\\Request))
#47 H:\\xampp\\htdocs\\laravel-6\\fullcalendar\\vendor\\laravel\\framework\\src\\Illuminate\\Pipeline\\Pipeline.php(171): Illuminate\\Foundation\\Http\\Middleware\\CheckForMaintenanceMode->handle(Object(Illuminate\\Http\\Request), Object(Closure))
#48 H:\\xampp\\htdocs\\laravel-6\\fullcalendar\\vendor\\fideloper\\proxy\\src\\TrustProxies.php(57): Illuminate\\Pipeline\\Pipeline->Illuminate\\Pipeline\\{closure}(Object(Illuminate\\Http\\Request))
#49 H:\\xampp\\htdocs\\laravel-6\\fullcalendar\\vendor\\laravel\\framework\\src\\Illuminate\\Pipeline\\Pipeline.php(171): Fideloper\\Proxy\\TrustProxies->handle(Object(Illuminate\\Http\\Request), Object(Closure))
#50 H:\\xampp\\htdocs\\laravel-6\\fullcalendar\\vendor\\laravel\\framework\\src\\Illuminate\\Pipeline\\Pipeline.php(105): Illuminate\\Pipeline\\Pipeline->Illuminate\\Pipeline\\{closure}(Object(Illuminate\\Http\\Request))
#51 H:\\xampp\\htdocs\\laravel-6\\fullcalendar\\vendor\\laravel\\framework\\src\\Illuminate\\Foundation\\Http\\Kernel.php(151): Illuminate\\Pipeline\\Pipeline->then(Object(Closure))
#52 H:\\xampp\\htdocs\\laravel-6\\fullcalendar\\vendor\\laravel\\framework\\src\\Illuminate\\Foundation\\Http\\Kernel.php(116): Illuminate\\Foundation\\Http\\Kernel->sendRequestThroughRouter(Object(Illuminate\\Http\\Request))
#53 H:\\xampp\\htdocs\\laravel-6\\fullcalendar\\public\\index.php(55): Illuminate\\Foundation\\Http\\Kernel->handle(Object(Illuminate\\Http\\Request))
#54 {main}

[previous exception] [object] (Exception(code: 0): Unable to locate Mix file: /assets/fullcalendarNPM/css/bootstrap.css. at H:\\xampp\\htdocs\\laravel-6\\fullcalendar\\vendor\\laravel\\framework\\src\\Illuminate\\Foundation\\Mix.php:55)
[stacktrace]
#0 H:\\xampp\\htdocs\\laravel-6\\fullcalendar\\vendor\\laravel\\framework\\src\\Illuminate\\Foundation\\helpers.php(579): Illuminate\\Foundation\\Mix->__invoke('/assets/fullcal...')
#1 H:\\xampp\\htdocs\\laravel-6\\fullcalendar\\storage\\framework\\views\\42a52b9e16cc5eb919ec7a1223240039520f9bb7.php(8): mix('assets/fullcale...')
#2 H:\\xampp\\htdocs\\laravel-6\\fullcalendar\\vendor\\laravel\\framework\\src\\Illuminate\\View\\Engines\\PhpEngine.php(43): include('H:\\\\xampp\\\\htdocs...')
#3 H:\\xampp\\htdocs\\laravel-6\\fullcalendar\\vendor\\laravel\\framework\\src\\Illuminate\\View\\Engines\\CompilerEngine.php(59): Illuminate\\View\\Engines\\PhpEngine->evaluatePath('H:\\\\xampp\\\\htdocs...', Array)
#4 H:\\xampp\\htdocs\\laravel-6\\fullcalendar\\vendor\\facade\\ignition\\src\\Views\\Engines\\CompilerEngine.php(36): Illuminate\\View\\Engines\\CompilerEngine->get('H:\\\\xampp\\\\htdocs...', Array)
#5 H:\\xampp\\htdocs\\laravel-6\\fullcalendar\\vendor\\laravel\\framework\\src\\Illuminate\\View\\View.php(143): Facade\\Ignition\\Views\\Engines\\CompilerEngine->get('H:\\\\xampp\\\\htdocs...', Array)
#6 H:\\xampp\\htdocs\\laravel-6\\fullcalendar\\vendor\\laravel\\framework\\src\\Illuminate\\View\\View.php(126): Illuminate\\View\\View->getContents()
#7 H:\\xampp\\htdocs\\laravel-6\\fullcalendar\\vendor\\laravel\\framework\\src\\Illuminate\\View\\View.php(91): Illuminate\\View\\View->renderContents()
#8 H:\\xampp\\htdocs\\laravel-6\\fullcalendar\\storage\\framework\\views\\518bc6383442ffaddd3ae022e02a4357a0154658.php(49): Illuminate\\View\\View->render()
#9 H:\\xampp\\htdocs\\laravel-6\\fullcalendar\\vendor\\laravel\\framework\\src\\Illuminate\\View\\Engines\\PhpEngine.php(43): include('H:\\\\xampp\\\\htdocs...')
#10 H:\\xampp\\htdocs\\laravel-6\\fullcalendar\\vendor\\laravel\\framework\\src\\Illuminate\\View\\Engines\\CompilerEngine.php(59): Illuminate\\View\\Engines\\PhpEngine->evaluatePath('H:\\\\xampp\\\\htdocs...', Array)
#11 H:\\xampp\\htdocs\\laravel-6\\fullcalendar\\vendor\\facade\\ignition\\src\\Views\\Engines\\CompilerEngine.php(36): Illuminate\\View\\Engines\\CompilerEngine->get('H:\\\\xampp\\\\htdocs...', Array)
#12 H:\\xampp\\htdocs\\laravel-6\\fullcalendar\\vendor\\laravel\\framework\\src\\Illuminate\\View\\View.php(143): Facade\\Ignition\\Views\\Engines\\CompilerEngine->get('H:\\\\xampp\\\\htdocs...', Array)
#13 H:\\xampp\\htdocs\\laravel-6\\fullcalendar\\vendor\\laravel\\framework\\src\\Illuminate\\View\\View.php(126): Illuminate\\View\\View->getContents()
#14 H:\\xampp\\htdocs\\laravel-6\\fullcalendar\\vendor\\laravel\\framework\\src\\Illuminate\\View\\View.php(91): Illuminate\\View\\View->renderContents()
#15 H:\\xampp\\htdocs\\laravel-6\\fullcalendar\\vendor\\laravel\\framework\\src\\Illuminate\\Http\\Response.php(42): Illuminate\\View\\View->render()
#16 H:\\xampp\\htdocs\\laravel-6\\fullcalendar\\vendor\\symfony\\http-foundation\\Response.php(202): Illuminate\\Http\\Response->setContent(Object(Illuminate\\View\\View))
#17 H:\\xampp\\htdocs\\laravel-6\\fullcalendar\\vendor\\laravel\\framework\\src\\Illuminate\\Routing\\Router.php(748): Symfony\\Component\\HttpFoundation\\Response->__construct(Object(Illuminate\\View\\View))
#18 H:\\xampp\\htdocs\\laravel-6\\fullcalendar\\vendor\\laravel\\framework\\src\\Illuminate\\Routing\\Router.php(720): Illuminate\\Routing\\Router::toResponse(Object(Illuminate\\Http\\Request), Object(Illuminate\\View\\View))
#19 H:\\xampp\\htdocs\\laravel-6\\fullcalendar\\vendor\\laravel\\framework\\src\\Illuminate\\Routing\\Router.php(680): Illuminate\\Routing\\Router->prepareResponse(Object(Illuminate\\Http\\Request), Object(Illuminate\\View\\View))
#20 H:\\xampp\\htdocs\\laravel-6\\fullcalendar\\vendor\\laravel\\framework\\src\\Illuminate\\Pipeline\\Pipeline.php(130): Illuminate\\Routing\\Router->Illuminate\\Routing\\{closure}(Object(Illuminate\\Http\\Request))
#21 H:\\xampp\\htdocs\\laravel-6\\fullcalendar\\vendor\\laravel\\framework\\src\\Illuminate\\Routing\\Middleware\\SubstituteBindings.php(41): Illuminate\\Pipeline\\Pipeline->Illuminate\\Pipeline\\{closure}(Object(Illuminate\\Http\\Request))
#22 H:\\xampp\\htdocs\\laravel-6\\fullcalendar\\vendor\\laravel\\framework\\src\\Illuminate\\Pipeline\\Pipeline.php(171): Illuminate\\Routing\\Middleware\\SubstituteBindings->handle(Object(Illuminate\\Http\\Request), Object(Closure))
#23 H:\\xampp\\htdocs\\laravel-6\\fullcalendar\\vendor\\laravel\\framework\\src\\Illuminate\\Foundation\\Http\\Middleware\\VerifyCsrfToken.php(76): Illuminate\\Pipeline\\Pipeline->Illuminate\\Pipeline\\{closure}(Object(Illuminate\\Http\\Request))
#24 H:\\xampp\\htdocs\\laravel-6\\fullcalendar\\vendor\\laravel\\framework\\src\\Illuminate\\Pipeline\\Pipeline.php(171): Illuminate\\Foundation\\Http\\Middleware\\VerifyCsrfToken->handle(Object(Illuminate\\Http\\Request), Object(Closure))
#25 H:\\xampp\\htdocs\\laravel-6\\fullcalendar\\vendor\\laravel\\framework\\src\\Illuminate\\View\\Middleware\\ShareErrorsFromSession.php(49): Illuminate\\Pipeline\\Pipeline->Illuminate\\Pipeline\\{closure}(Object(Illuminate\\Http\\Request))
#26 H:\\xampp\\htdocs\\laravel-6\\fullcalendar\\vendor\\laravel\\framework\\src\\Illuminate\\Pipeline\\Pipeline.php(171): Illuminate\\View\\Middleware\\ShareErrorsFromSession->handle(Object(Illuminate\\Http\\Request), Object(Closure))
#27 H:\\xampp\\htdocs\\laravel-6\\fullcalendar\\vendor\\laravel\\framework\\src\\Illuminate\\Session\\Middleware\\StartSession.php(56): Illuminate\\Pipeline\\Pipeline->Illuminate\\Pipeline\\{closure}(Object(Illuminate\\Http\\Request))
#28 H:\\xampp\\htdocs\\laravel-6\\fullcalendar\\vendor\\laravel\\framework\\src\\Illuminate\\Pipeline\\Pipeline.php(171): Illuminate\\Session\\Middleware\\StartSession->handle(Object(Illuminate\\Http\\Request), Object(Closure))
#29 H:\\xampp\\htdocs\\laravel-6\\fullcalendar\\vendor\\laravel\\framework\\src\\Illuminate\\Cookie\\Middleware\\AddQueuedCookiesToResponse.php(37): Illuminate\\Pipeline\\Pipeline->Illuminate\\Pipeline\\{closure}(Object(Illuminate\\Http\\Request))
#30 H:\\xampp\\htdocs\\laravel-6\\fullcalendar\\vendor\\laravel\\framework\\src\\Illuminate\\Pipeline\\Pipeline.php(171): Illuminate\\Cookie\\Middleware\\AddQueuedCookiesToResponse->handle(Object(Illuminate\\Http\\Request), Object(Closure))
#31 H:\\xampp\\htdocs\\laravel-6\\fullcalendar\\vendor\\laravel\\framework\\src\\Illuminate\\Cookie\\Middleware\\EncryptCookies.php(66): Illuminate\\Pipeline\\Pipeline->Illuminate\\Pipeline\\{closure}(Object(Illuminate\\Http\\Request))
#32 H:\\xampp\\htdocs\\laravel-6\\fullcalendar\\vendor\\laravel\\framework\\src\\Illuminate\\Pipeline\\Pipeline.php(171): Illuminate\\Cookie\\Middleware\\EncryptCookies->handle(Object(Illuminate\\Http\\Request), Object(Closure))
#33 H:\\xampp\\htdocs\\laravel-6\\fullcalendar\\vendor\\laravel\\framework\\src\\Illuminate\\Pipeline\\Pipeline.php(105): Illuminate\\Pipeline\\Pipeline->Illuminate\\Pipeline\\{closure}(Object(Illuminate\\Http\\Request))
#34 H:\\xampp\\htdocs\\laravel-6\\fullcalendar\\vendor\\laravel\\framework\\src\\Illuminate\\Routing\\Router.php(682): Illuminate\\Pipeline\\Pipeline->then(Object(Closure))
#35 H:\\xampp\\htdocs\\laravel-6\\fullcalendar\\vendor\\laravel\\framework\\src\\Illuminate\\Routing\\Router.php(657): Illuminate\\Routing\\Router->runRouteWithinStack(Object(Illuminate\\Routing\\Route), Object(Illuminate\\Http\\Request))
#36 H:\\xampp\\htdocs\\laravel-6\\fullcalendar\\vendor\\laravel\\framework\\src\\Illuminate\\Routing\\Router.php(623): Illuminate\\Routing\\Router->runRoute(Object(Illuminate\\Http\\Request), Object(Illuminate\\Routing\\Route))
#37 H:\\xampp\\htdocs\\laravel-6\\fullcalendar\\vendor\\laravel\\framework\\src\\Illuminate\\Routing\\Router.php(612): Illuminate\\Routing\\Router->dispatchToRoute(Object(Illuminate\\Http\\Request))
#38 H:\\xampp\\htdocs\\laravel-6\\fullcalendar\\vendor\\laravel\\framework\\src\\Illuminate\\Foundation\\Http\\Kernel.php(176): Illuminate\\Routing\\Router->dispatch(Object(Illuminate\\Http\\Request))
#39 H:\\xampp\\htdocs\\laravel-6\\fullcalendar\\vendor\\laravel\\framework\\src\\Illuminate\\Pipeline\\Pipeline.php(130): Illuminate\\Foundation\\Http\\Kernel->Illuminate\\Foundation\\Http\\{closure}(Object(Illuminate\\Http\\Request))
#40 H:\\xampp\\htdocs\\laravel-6\\fullcalendar\\vendor\\laravel\\framework\\src\\Illuminate\\Foundation\\Http\\Middleware\\TransformsRequest.php(21): Illuminate\\Pipeline\\Pipeline->Illuminate\\Pipeline\\{closure}(Object(Illuminate\\Http\\Request))
#41 H:\\xampp\\htdocs\\laravel-6\\fullcalendar\\vendor\\laravel\\framework\\src\\Illuminate\\Pipeline\\Pipeline.php(171): Illuminate\\Foundation\\Http\\Middleware\\TransformsRequest->handle(Object(Illuminate\\Http\\Request), Object(Closure))
#42 H:\\xampp\\htdocs\\laravel-6\\fullcalendar\\vendor\\laravel\\framework\\src\\Illuminate\\Foundation\\Http\\Middleware\\TransformsRequest.php(21): Illuminate\\Pipeline\\Pipeline->Illuminate\\Pipeline\\{closure}(Object(Illuminate\\Http\\Request))
#43 H:\\xampp\\htdocs\\laravel-6\\fullcalendar\\vendor\\laravel\\framework\\src\\Illuminate\\Pipeline\\Pipeline.php(171): Illuminate\\Foundation\\Http\\Middleware\\TransformsRequest->handle(Object(Illuminate\\Http\\Request), Object(Closure))
#44 H:\\xampp\\htdocs\\laravel-6\\fullcalendar\\vendor\\laravel\\framework\\src\\Illuminate\\Foundation\\Http\\Middleware\\ValidatePostSize.php(27): Illuminate\\Pipeline\\Pipeline->Illuminate\\Pipeline\\{closure}(Object(Illuminate\\Http\\Request))
#45 H:\\xampp\\htdocs\\laravel-6\\fullcalendar\\vendor\\laravel\\framework\\src\\Illuminate\\Pipeline\\Pipeline.php(171): Illuminate\\Foundation\\Http\\Middleware\\ValidatePostSize->handle(Object(Illuminate\\Http\\Request), Object(Closure))
#46 H:\\xampp\\htdocs\\laravel-6\\fullcalendar\\vendor\\laravel\\framework\\src\\Illuminate\\Foundation\\Http\\Middleware\\CheckForMaintenanceMode.php(62): Illuminate\\Pipeline\\Pipeline->Illuminate\\Pipeline\\{closure}(Object(Illuminate\\Http\\Request))
#47 H:\\xampp\\htdocs\\laravel-6\\fullcalendar\\vendor\\laravel\\framework\\src\\Illuminate\\Pipeline\\Pipeline.php(171): Illuminate\\Foundation\\Http\\Middleware\\CheckForMaintenanceMode->handle(Object(Illuminate\\Http\\Request), Object(Closure))
#48 H:\\xampp\\htdocs\\laravel-6\\fullcalendar\\vendor\\fideloper\\proxy\\src\\TrustProxies.php(57): Illuminate\\Pipeline\\Pipeline->Illuminate\\Pipeline\\{closure}(Object(Illuminate\\Http\\Request))
#49 H:\\xampp\\htdocs\\laravel-6\\fullcalendar\\vendor\\laravel\\framework\\src\\Illuminate\\Pipeline\\Pipeline.php(171): Fideloper\\Proxy\\TrustProxies->handle(Object(Illuminate\\Http\\Request), Object(Closure))
#50 H:\\xampp\\htdocs\\laravel-6\\fullcalendar\\vendor\\laravel\\framework\\src\\Illuminate\\Pipeline\\Pipeline.php(105): Illuminate\\Pipeline\\Pipeline->Illuminate\\Pipeline\\{closure}(Object(Illuminate\\Http\\Request))
#51 H:\\xampp\\htdocs\\laravel-6\\fullcalendar\\vendor\\laravel\\framework\\src\\Illuminate\\Foundation\\Http\\Kernel.php(151): Illuminate\\Pipeline\\Pipeline->then(Object(Closure))
#52 H:\\xampp\\htdocs\\laravel-6\\fullcalendar\\vendor\\laravel\\framework\\src\\Illuminate\\Foundation\\Http\\Kernel.php(116): Illuminate\\Foundation\\Http\\Kernel->sendRequestThroughRouter(Object(Illuminate\\Http\\Request))
#53 H:\\xampp\\htdocs\\laravel-6\\fullcalendar\\public\\index.php(55): Illuminate\\Foundation\\Http\\Kernel->handle(Object(Illuminate\\Http\\Request))
#54 {main}
"} 
[2019-10-27 00:35:52] local.ERROR: Unable to locate Mix file: /assets/fullcalendarNPM/css/style.css. (View: H:\xampp\htdocs\laravel-6\fullcalendar\resources\views\fullcalendar\template\masterNPM.blade.php) {"exception":"[object] (Facade\\Ignition\\Exceptions\\ViewException(code: 0): Unable to locate Mix file: /assets/fullcalendarNPM/css/style.css. (View: H:\\xampp\\htdocs\\laravel-6\\fullcalendar\esources\\views\\fullcalendar\\template\\masterNPM.blade.php) at H:\\xampp\\htdocs\\laravel-6\\fullcalendar\\vendor\\laravel\\framework\\src\\Illuminate\\Foundation\\Mix.php:55)
[stacktrace]
#0 H:\\xampp\\htdocs\\laravel-6\\fullcalendar\\vendor\\laravel\\framework\\src\\Illuminate\\Foundation\\helpers.php(579): Illuminate\\Foundation\\Mix->__invoke('/assets/fullcal...')
#1 H:\\xampp\\htdocs\\laravel-6\\fullcalendar\esources\\views/fullcalendar/template/masterNPM.blade.php(11): mix('assets/fullcale...')
#2 H:\\xampp\\htdocs\\laravel-6\\fullcalendar\\vendor\\laravel\\framework\\src\\Illuminate\\View\\Engines\\PhpEngine.php(43): include('H:\\\\xampp\\\\htdocs...')
#3 H:\\xampp\\htdocs\\laravel-6\\fullcalendar\\vendor\\laravel\\framework\\src\\Illuminate\\View\\Engines\\CompilerEngine.php(59): Illuminate\\View\\Engines\\PhpEngine->evaluatePath('H:\\\\xampp\\\\htdocs...', Array)
#4 H:\\xampp\\htdocs\\laravel-6\\fullcalendar\\vendor\\facade\\ignition\\src\\Views\\Engines\\CompilerEngine.php(36): Illuminate\\View\\Engines\\CompilerEngine->get('H:\\\\xampp\\\\htdocs...', Array)
#5 H:\\xampp\\htdocs\\laravel-6\\fullcalendar\\vendor\\laravel\\framework\\src\\Illuminate\\View\\View.php(143): Facade\\Ignition\\Views\\Engines\\CompilerEngine->get('H:\\\\xampp\\\\htdocs...', Array)
#6 H:\\xampp\\htdocs\\laravel-6\\fullcalendar\\vendor\\laravel\\framework\\src\\Illuminate\\View\\View.php(126): Illuminate\\View\\View->getContents()
#7 H:\\xampp\\htdocs\\laravel-6\\fullcalendar\\vendor\\laravel\\framework\\src\\Illuminate\\View\\View.php(91): Illuminate\\View\\View->renderContents()
#8 H:\\xampp\\htdocs\\laravel-6\\fullcalendar\esources\\views/fullcalendar/views/calendarNPM.blade.php(49): Illuminate\\View\\View->render()
#9 H:\\xampp\\htdocs\\laravel-6\\fullcalendar\\vendor\\laravel\\framework\\src\\Illuminate\\View\\Engines\\PhpEngine.php(43): include('H:\\\\xampp\\\\htdocs...')
#10 H:\\xampp\\htdocs\\laravel-6\\fullcalendar\\vendor\\laravel\\framework\\src\\Illuminate\\View\\Engines\\CompilerEngine.php(59): Illuminate\\View\\Engines\\PhpEngine->evaluatePath('H:\\\\xampp\\\\htdocs...', Array)
#11 H:\\xampp\\htdocs\\laravel-6\\fullcalendar\\vendor\\facade\\ignition\\src\\Views\\Engines\\CompilerEngine.php(36): Illuminate\\View\\Engines\\CompilerEngine->get('H:\\\\xampp\\\\htdocs...', Array)
#12 H:\\xampp\\htdocs\\laravel-6\\fullcalendar\\vendor\\laravel\\framework\\src\\Illuminate\\View\\View.php(143): Facade\\Ignition\\Views\\Engines\\CompilerEngine->get('H:\\\\xampp\\\\htdocs...', Array)
#13 H:\\xampp\\htdocs\\laravel-6\\fullcalendar\\vendor\\laravel\\framework\\src\\Illuminate\\View\\View.php(126): Illuminate\\View\\View->getContents()
#14 H:\\xampp\\htdocs\\laravel-6\\fullcalendar\\vendor\\laravel\\framework\\src\\Illuminate\\View\\View.php(91): Illuminate\\View\\View->renderContents()
#15 H:\\xampp\\htdocs\\laravel-6\\fullcalendar\\vendor\\laravel\\framework\\src\\Illuminate\\Http\\Response.php(42): Illuminate\\View\\View->render()
#16 H:\\xampp\\htdocs\\laravel-6\\fullcalendar\\vendor\\symfony\\http-foundation\\Response.php(202): Illuminate\\Http\\Response->setContent(Object(Illuminate\\View\\View))
#17 H:\\xampp\\htdocs\\laravel-6\\fullcalendar\\vendor\\laravel\\framework\\src\\Illuminate\\Routing\\Router.php(748): Symfony\\Component\\HttpFoundation\\Response->__construct(Object(Illuminate\\View\\View))
#18 H:\\xampp\\htdocs\\laravel-6\\fullcalendar\\vendor\\laravel\\framework\\src\\Illuminate\\Routing\\Router.php(720): Illuminate\\Routing\\Router::toResponse(Object(Illuminate\\Http\\Request), Object(Illuminate\\View\\View))
#19 H:\\xampp\\htdocs\\laravel-6\\fullcalendar\\vendor\\laravel\\framework\\src\\Illuminate\\Routing\\Router.php(680): Illuminate\\Routing\\Router->prepareResponse(Object(Illuminate\\Http\\Request), Object(Illuminate\\View\\View))
#20 H:\\xampp\\htdocs\\laravel-6\\fullcalendar\\vendor\\laravel\\framework\\src\\Illuminate\\Pipeline\\Pipeline.php(130): Illuminate\\Routing\\Router->Illuminate\\Routing\\{closure}(Object(Illuminate\\Http\\Request))
#21 H:\\xampp\\htdocs\\laravel-6\\fullcalendar\\vendor\\laravel\\framework\\src\\Illuminate\\Routing\\Middleware\\SubstituteBindings.php(41): Illuminate\\Pipeline\\Pipeline->Illuminate\\Pipeline\\{closure}(Object(Illuminate\\Http\\Request))
#22 H:\\xampp\\htdocs\\laravel-6\\fullcalendar\\vendor\\laravel\\framework\\src\\Illuminate\\Pipeline\\Pipeline.php(171): Illuminate\\Routing\\Middleware\\SubstituteBindings->handle(Object(Illuminate\\Http\\Request), Object(Closure))
#23 H:\\xampp\\htdocs\\laravel-6\\fullcalendar\\vendor\\laravel\\framework\\src\\Illuminate\\Foundation\\Http\\Middleware\\VerifyCsrfToken.php(76): Illuminate\\Pipeline\\Pipeline->Illuminate\\Pipeline\\{closure}(Object(Illuminate\\Http\\Request))
#24 H:\\xampp\\htdocs\\laravel-6\\fullcalendar\\vendor\\laravel\\framework\\src\\Illuminate\\Pipeline\\Pipeline.php(171): Illuminate\\Foundation\\Http\\Middleware\\VerifyCsrfToken->handle(Object(Illuminate\\Http\\Request), Object(Closure))
#25 H:\\xampp\\htdocs\\laravel-6\\fullcalendar\\vendor\\laravel\\framework\\src\\Illuminate\\View\\Middleware\\ShareErrorsFromSession.php(49): Illuminate\\Pipeline\\Pipeline->Illuminate\\Pipeline\\{closure}(Object(Illuminate\\Http\\Request))
#26 H:\\xampp\\htdocs\\laravel-6\\fullcalendar\\vendor\\laravel\\framework\\src\\Illuminate\\Pipeline\\Pipeline.php(171): Illuminate\\View\\Middleware\\ShareErrorsFromSession->handle(Object(Illuminate\\Http\\Request), Object(Closure))
#27 H:\\xampp\\htdocs\\laravel-6\\fullcalendar\\vendor\\laravel\\framework\\src\\Illuminate\\Session\\Middleware\\StartSession.php(56): Illuminate\\Pipeline\\Pipeline->Illuminate\\Pipeline\\{closure}(Object(Illuminate\\Http\\Request))
#28 H:\\xampp\\htdocs\\laravel-6\\fullcalendar\\vendor\\laravel\\framework\\src\\Illuminate\\Pipeline\\Pipeline.php(171): Illuminate\\Session\\Middleware\\StartSession->handle(Object(Illuminate\\Http\\Request), Object(Closure))
#29 H:\\xampp\\htdocs\\laravel-6\\fullcalendar\\vendor\\laravel\\framework\\src\\Illuminate\\Cookie\\Middleware\\AddQueuedCookiesToResponse.php(37): Illuminate\\Pipeline\\Pipeline->Illuminate\\Pipeline\\{closure}(Object(Illuminate\\Http\\Request))
#30 H:\\xampp\\htdocs\\laravel-6\\fullcalendar\\vendor\\laravel\\framework\\src\\Illuminate\\Pipeline\\Pipeline.php(171): Illuminate\\Cookie\\Middleware\\AddQueuedCookiesToResponse->handle(Object(Illuminate\\Http\\Request), Object(Closure))
#31 H:\\xampp\\htdocs\\laravel-6\\fullcalendar\\vendor\\laravel\\framework\\src\\Illuminate\\Cookie\\Middleware\\EncryptCookies.php(66): Illuminate\\Pipeline\\Pipeline->Illuminate\\Pipeline\\{closure}(Object(Illuminate\\Http\\Request))
#32 H:\\xampp\\htdocs\\laravel-6\\fullcalendar\\vendor\\laravel\\framework\\src\\Illuminate\\Pipeline\\Pipeline.php(171): Illuminate\\Cookie\\Middleware\\EncryptCookies->handle(Object(Illuminate\\Http\\Request), Object(Closure))
#33 H:\\xampp\\htdocs\\laravel-6\\fullcalendar\\vendor\\laravel\\framework\\src\\Illuminate\\Pipeline\\Pipeline.php(105): Illuminate\\Pipeline\\Pipeline->Illuminate\\Pipeline\\{closure}(Object(Illuminate\\Http\\Request))
#34 H:\\xampp\\htdocs\\laravel-6\\fullcalendar\\vendor\\laravel\\framework\\src\\Illuminate\\Routing\\Router.php(682): Illuminate\\Pipeline\\Pipeline->then(Object(Closure))
#35 H:\\xampp\\htdocs\\laravel-6\\fullcalendar\\vendor\\laravel\\framework\\src\\Illuminate\\Routing\\Router.php(657): Illuminate\\Routing\\Router->runRouteWithinStack(Object(Illuminate\\Routing\\Route), Object(Illuminate\\Http\\Request))
#36 H:\\xampp\\htdocs\\laravel-6\\fullcalendar\\vendor\\laravel\\framework\\src\\Illuminate\\Routing\\Router.php(623): Illuminate\\Routing\\Router->runRoute(Object(Illuminate\\Http\\Request), Object(Illuminate\\Routing\\Route))
#37 H:\\xampp\\htdocs\\laravel-6\\fullcalendar\\vendor\\laravel\\framework\\src\\Illuminate\\Routing\\Router.php(612): Illuminate\\Routing\\Router->dispatchToRoute(Object(Illuminate\\Http\\Request))
#38 H:\\xampp\\htdocs\\laravel-6\\fullcalendar\\vendor\\laravel\\framework\\src\\Illuminate\\Foundation\\Http\\Kernel.php(176): Illuminate\\Routing\\Router->dispatch(Object(Illuminate\\Http\\Request))
#39 H:\\xampp\\htdocs\\laravel-6\\fullcalendar\\vendor\\laravel\\framework\\src\\Illuminate\\Pipeline\\Pipeline.php(130): Illuminate\\Foundation\\Http\\Kernel->Illuminate\\Foundation\\Http\\{closure}(Object(Illuminate\\Http\\Request))
#40 H:\\xampp\\htdocs\\laravel-6\\fullcalendar\\vendor\\laravel\\framework\\src\\Illuminate\\Foundation\\Http\\Middleware\\TransformsRequest.php(21): Illuminate\\Pipeline\\Pipeline->Illuminate\\Pipeline\\{closure}(Object(Illuminate\\Http\\Request))
#41 H:\\xampp\\htdocs\\laravel-6\\fullcalendar\\vendor\\laravel\\framework\\src\\Illuminate\\Pipeline\\Pipeline.php(171): Illuminate\\Foundation\\Http\\Middleware\\TransformsRequest->handle(Object(Illuminate\\Http\\Request), Object(Closure))
#42 H:\\xampp\\htdocs\\laravel-6\\fullcalendar\\vendor\\laravel\\framework\\src\\Illuminate\\Foundation\\Http\\Middleware\\TransformsRequest.php(21): Illuminate\\Pipeline\\Pipeline->Illuminate\\Pipeline\\{closure}(Object(Illuminate\\Http\\Request))
#43 H:\\xampp\\htdocs\\laravel-6\\fullcalendar\\vendor\\laravel\\framework\\src\\Illuminate\\Pipeline\\Pipeline.php(171): Illuminate\\Foundation\\Http\\Middleware\\TransformsRequest->handle(Object(Illuminate\\Http\\Request), Object(Closure))
#44 H:\\xampp\\htdocs\\laravel-6\\fullcalendar\\vendor\\laravel\\framework\\src\\Illuminate\\Foundation\\Http\\Middleware\\ValidatePostSize.php(27): Illuminate\\Pipeline\\Pipeline->Illuminate\\Pipeline\\{closure}(Object(Illuminate\\Http\\Request))
#45 H:\\xampp\\htdocs\\laravel-6\\fullcalendar\\vendor\\laravel\\framework\\src\\Illuminate\\Pipeline\\Pipeline.php(171): Illuminate\\Foundation\\Http\\Middleware\\ValidatePostSize->handle(Object(Illuminate\\Http\\Request), Object(Closure))
#46 H:\\xampp\\htdocs\\laravel-6\\fullcalendar\\vendor\\laravel\\framework\\src\\Illuminate\\Foundation\\Http\\Middleware\\CheckForMaintenanceMode.php(62): Illuminate\\Pipeline\\Pipeline->Illuminate\\Pipeline\\{closure}(Object(Illuminate\\Http\\Request))
#47 H:\\xampp\\htdocs\\laravel-6\\fullcalendar\\vendor\\laravel\\framework\\src\\Illuminate\\Pipeline\\Pipeline.php(171): Illuminate\\Foundation\\Http\\Middleware\\CheckForMaintenanceMode->handle(Object(Illuminate\\Http\\Request), Object(Closure))
#48 H:\\xampp\\htdocs\\laravel-6\\fullcalendar\\vendor\\fideloper\\proxy\\src\\TrustProxies.php(57): Illuminate\\Pipeline\\Pipeline->Illuminate\\Pipeline\\{closure}(Object(Illuminate\\Http\\Request))
#49 H:\\xampp\\htdocs\\laravel-6\\fullcalendar\\vendor\\laravel\\framework\\src\\Illuminate\\Pipeline\\Pipeline.php(171): Fideloper\\Proxy\\TrustProxies->handle(Object(Illuminate\\Http\\Request), Object(Closure))
#50 H:\\xampp\\htdocs\\laravel-6\\fullcalendar\\vendor\\laravel\\framework\\src\\Illuminate\\Pipeline\\Pipeline.php(105): Illuminate\\Pipeline\\Pipeline->Illuminate\\Pipeline\\{closure}(Object(Illuminate\\Http\\Request))
#51 H:\\xampp\\htdocs\\laravel-6\\fullcalendar\\vendor\\laravel\\framework\\src\\Illuminate\\Foundation\\Http\\Kernel.php(151): Illuminate\\Pipeline\\Pipeline->then(Object(Closure))
#52 H:\\xampp\\htdocs\\laravel-6\\fullcalendar\\vendor\\laravel\\framework\\src\\Illuminate\\Foundation\\Http\\Kernel.php(116): Illuminate\\Foundation\\Http\\Kernel->sendRequestThroughRouter(Object(Illuminate\\Http\\Request))
#53 H:\\xampp\\htdocs\\laravel-6\\fullcalendar\\public\\index.php(55): Illuminate\\Foundation\\Http\\Kernel->handle(Object(Illuminate\\Http\\Request))
#54 {main}

[previous exception] [object] (Exception(code: 0): Unable to locate Mix file: /assets/fullcalendarNPM/css/style.css. at H:\\xampp\\htdocs\\laravel-6\\fullcalendar\\vendor\\laravel\\framework\\src\\Illuminate\\Foundation\\Mix.php:55)
[stacktrace]
#0 H:\\xampp\\htdocs\\laravel-6\\fullcalendar\\vendor\\laravel\\framework\\src\\Illuminate\\Foundation\\helpers.php(579): Illuminate\\Foundation\\Mix->__invoke('/assets/fullcal...')
#1 H:\\xampp\\htdocs\\laravel-6\\fullcalendar\\storage\\framework\\views\\42a52b9e16cc5eb919ec7a1223240039520f9bb7.php(11): mix('assets/fullcale...')
#2 H:\\xampp\\htdocs\\laravel-6\\fullcalendar\\vendor\\laravel\\framework\\src\\Illuminate\\View\\Engines\\PhpEngine.php(43): include('H:\\\\xampp\\\\htdocs...')
#3 H:\\xampp\\htdocs\\laravel-6\\fullcalendar\\vendor\\laravel\\framework\\src\\Illuminate\\View\\Engines\\CompilerEngine.php(59): Illuminate\\View\\Engines\\PhpEngine->evaluatePath('H:\\\\xampp\\\\htdocs...', Array)
#4 H:\\xampp\\htdocs\\laravel-6\\fullcalendar\\vendor\\facade\\ignition\\src\\Views\\Engines\\CompilerEngine.php(36): Illuminate\\View\\Engines\\CompilerEngine->get('H:\\\\xampp\\\\htdocs...', Array)
#5 H:\\xampp\\htdocs\\laravel-6\\fullcalendar\\vendor\\laravel\\framework\\src\\Illuminate\\View\\View.php(143): Facade\\Ignition\\Views\\Engines\\CompilerEngine->get('H:\\\\xampp\\\\htdocs...', Array)
#6 H:\\xampp\\htdocs\\laravel-6\\fullcalendar\\vendor\\laravel\\framework\\src\\Illuminate\\View\\View.php(126): Illuminate\\View\\View->getContents()
#7 H:\\xampp\\htdocs\\laravel-6\\fullcalendar\\vendor\\laravel\\framework\\src\\Illuminate\\View\\View.php(91): Illuminate\\View\\View->renderContents()
#8 H:\\xampp\\htdocs\\laravel-6\\fullcalendar\\storage\\framework\\views\\518bc6383442ffaddd3ae022e02a4357a0154658.php(49): Illuminate\\View\\View->render()
#9 H:\\xampp\\htdocs\\laravel-6\\fullcalendar\\vendor\\laravel\\framework\\src\\Illuminate\\View\\Engines\\PhpEngine.php(43): include('H:\\\\xampp\\\\htdocs...')
#10 H:\\xampp\\htdocs\\laravel-6\\fullcalendar\\vendor\\laravel\\framework\\src\\Illuminate\\View\\Engines\\CompilerEngine.php(59): Illuminate\\View\\Engines\\PhpEngine->evaluatePath('H:\\\\xampp\\\\htdocs...', Array)
#11 H:\\xampp\\htdocs\\laravel-6\\fullcalendar\\vendor\\facade\\ignition\\src\\Views\\Engines\\CompilerEngine.php(36): Illuminate\\View\\Engines\\CompilerEngine->get('H:\\\\xampp\\\\htdocs...', Array)
#12 H:\\xampp\\htdocs\\laravel-6\\fullcalendar\\vendor\\laravel\\framework\\src\\Illuminate\\View\\View.php(143): Facade\\Ignition\\Views\\Engines\\CompilerEngine->get('H:\\\\xampp\\\\htdocs...', Array)
#13 H:\\xampp\\htdocs\\laravel-6\\fullcalendar\\vendor\\laravel\\framework\\src\\Illuminate\\View\\View.php(126): Illuminate\\View\\View->getContents()
#14 H:\\xampp\\htdocs\\laravel-6\\fullcalendar\\vendor\\laravel\\framework\\src\\Illuminate\\View\\View.php(91): Illuminate\\View\\View->renderContents()
#15 H:\\xampp\\htdocs\\laravel-6\\fullcalendar\\vendor\\laravel\\framework\\src\\Illuminate\\Http\\Response.php(42): Illuminate\\View\\View->render()
#16 H:\\xampp\\htdocs\\laravel-6\\fullcalendar\\vendor\\symfony\\http-foundation\\Response.php(202): Illuminate\\Http\\Response->setContent(Object(Illuminate\\View\\View))
#17 H:\\xampp\\htdocs\\laravel-6\\fullcalendar\\vendor\\laravel\\framework\\src\\Illuminate\\Routing\\Router.php(748): Symfony\\Component\\HttpFoundation\\Response->__construct(Object(Illuminate\\View\\View))
#18 H:\\xampp\\htdocs\\laravel-6\\fullcalendar\\vendor\\laravel\\framework\\src\\Illuminate\\Routing\\Router.php(720): Illuminate\\Routing\\Router::toResponse(Object(Illuminate\\Http\\Request), Object(Illuminate\\View\\View))
#19 H:\\xampp\\htdocs\\laravel-6\\fullcalendar\\vendor\\laravel\\framework\\src\\Illuminate\\Routing\\Router.php(680): Illuminate\\Routing\\Router->prepareResponse(Object(Illuminate\\Http\\Request), Object(Illuminate\\View\\View))
#20 H:\\xampp\\htdocs\\laravel-6\\fullcalendar\\vendor\\laravel\\framework\\src\\Illuminate\\Pipeline\\Pipeline.php(130): Illuminate\\Routing\\Router->Illuminate\\Routing\\{closure}(Object(Illuminate\\Http\\Request))
#21 H:\\xampp\\htdocs\\laravel-6\\fullcalendar\\vendor\\laravel\\framework\\src\\Illuminate\\Routing\\Middleware\\SubstituteBindings.php(41): Illuminate\\Pipeline\\Pipeline->Illuminate\\Pipeline\\{closure}(Object(Illuminate\\Http\\Request))
#22 H:\\xampp\\htdocs\\laravel-6\\fullcalendar\\vendor\\laravel\\framework\\src\\Illuminate\\Pipeline\\Pipeline.php(171): Illuminate\\Routing\\Middleware\\SubstituteBindings->handle(Object(Illuminate\\Http\\Request), Object(Closure))
#23 H:\\xampp\\htdocs\\laravel-6\\fullcalendar\\vendor\\laravel\\framework\\src\\Illuminate\\Foundation\\Http\\Middleware\\VerifyCsrfToken.php(76): Illuminate\\Pipeline\\Pipeline->Illuminate\\Pipeline\\{closure}(Object(Illuminate\\Http\\Request))
#24 H:\\xampp\\htdocs\\laravel-6\\fullcalendar\\vendor\\laravel\\framework\\src\\Illuminate\\Pipeline\\Pipeline.php(171): Illuminate\\Foundation\\Http\\Middleware\\VerifyCsrfToken->handle(Object(Illuminate\\Http\\Request), Object(Closure))
#25 H:\\xampp\\htdocs\\laravel-6\\fullcalendar\\vendor\\laravel\\framework\\src\\Illuminate\\View\\Middleware\\ShareErrorsFromSession.php(49): Illuminate\\Pipeline\\Pipeline->Illuminate\\Pipeline\\{closure}(Object(Illuminate\\Http\\Request))
#26 H:\\xampp\\htdocs\\laravel-6\\fullcalendar\\vendor\\laravel\\framework\\src\\Illuminate\\Pipeline\\Pipeline.php(171): Illuminate\\View\\Middleware\\ShareErrorsFromSession->handle(Object(Illuminate\\Http\\Request), Object(Closure))
#27 H:\\xampp\\htdocs\\laravel-6\\fullcalendar\\vendor\\laravel\\framework\\src\\Illuminate\\Session\\Middleware\\StartSession.php(56): Illuminate\\Pipeline\\Pipeline->Illuminate\\Pipeline\\{closure}(Object(Illuminate\\Http\\Request))
#28 H:\\xampp\\htdocs\\laravel-6\\fullcalendar\\vendor\\laravel\\framework\\src\\Illuminate\\Pipeline\\Pipeline.php(171): Illuminate\\Session\\Middleware\\StartSession->handle(Object(Illuminate\\Http\\Request), Object(Closure))
#29 H:\\xampp\\htdocs\\laravel-6\\fullcalendar\\vendor\\laravel\\framework\\src\\Illuminate\\Cookie\\Middleware\\AddQueuedCookiesToResponse.php(37): Illuminate\\Pipeline\\Pipeline->Illuminate\\Pipeline\\{closure}(Object(Illuminate\\Http\\Request))
#30 H:\\xampp\\htdocs\\laravel-6\\fullcalendar\\vendor\\laravel\\framework\\src\\Illuminate\\Pipeline\\Pipeline.php(171): Illuminate\\Cookie\\Middleware\\AddQueuedCookiesToResponse->handle(Object(Illuminate\\Http\\Request), Object(Closure))
#31 H:\\xampp\\htdocs\\laravel-6\\fullcalendar\\vendor\\laravel\\framework\\src\\Illuminate\\Cookie\\Middleware\\EncryptCookies.php(66): Illuminate\\Pipeline\\Pipeline->Illuminate\\Pipeline\\{closure}(Object(Illuminate\\Http\\Request))
#32 H:\\xampp\\htdocs\\laravel-6\\fullcalendar\\vendor\\laravel\\framework\\src\\Illuminate\\Pipeline\\Pipeline.php(171): Illuminate\\Cookie\\Middleware\\EncryptCookies->handle(Object(Illuminate\\Http\\Request), Object(Closure))
#33 H:\\xampp\\htdocs\\laravel-6\\fullcalendar\\vendor\\laravel\\framework\\src\\Illuminate\\Pipeline\\Pipeline.php(105): Illuminate\\Pipeline\\Pipeline->Illuminate\\Pipeline\\{closure}(Object(Illuminate\\Http\\Request))
#34 H:\\xampp\\htdocs\\laravel-6\\fullcalendar\\vendor\\laravel\\framework\\src\\Illuminate\\Routing\\Router.php(682): Illuminate\\Pipeline\\Pipeline->then(Object(Closure))
#35 H:\\xampp\\htdocs\\laravel-6\\fullcalendar\\vendor\\laravel\\framework\\src\\Illuminate\\Routing\\Router.php(657): Illuminate\\Routing\\Router->runRouteWithinStack(Object(Illuminate\\Routing\\Route), Object(Illuminate\\Http\\Request))
#36 H:\\xampp\\htdocs\\laravel-6\\fullcalendar\\vendor\\laravel\\framework\\src\\Illuminate\\Routing\\Router.php(623): Illuminate\\Routing\\Router->runRoute(Object(Illuminate\\Http\\Request), Object(Illuminate\\Routing\\Route))
#37 H:\\xampp\\htdocs\\laravel-6\\fullcalendar\\vendor\\laravel\\framework\\src\\Illuminate\\Routing\\Router.php(612): Illuminate\\Routing\\Router->dispatchToRoute(Object(Illuminate\\Http\\Request))
#38 H:\\xampp\\htdocs\\laravel-6\\fullcalendar\\vendor\\laravel\\framework\\src\\Illuminate\\Foundation\\Http\\Kernel.php(176): Illuminate\\Routing\\Router->dispatch(Object(Illuminate\\Http\\Request))
#39 H:\\xampp\\htdocs\\laravel-6\\fullcalendar\\vendor\\laravel\\framework\\src\\Illuminate\\Pipeline\\Pipeline.php(130): Illuminate\\Foundation\\Http\\Kernel->Illuminate\\Foundation\\Http\\{closure}(Object(Illuminate\\Http\\Request))
#40 H:\\xampp\\htdocs\\laravel-6\\fullcalendar\\vendor\\laravel\\framework\\src\\Illuminate\\Foundation\\Http\\Middleware\\TransformsRequest.php(21): Illuminate\\Pipeline\\Pipeline->Illuminate\\Pipeline\\{closure}(Object(Illuminate\\Http\\Request))
#41 H:\\xampp\\htdocs\\laravel-6\\fullcalendar\\vendor\\laravel\\framework\\src\\Illuminate\\Pipeline\\Pipeline.php(171): Illuminate\\Foundation\\Http\\Middleware\\TransformsRequest->handle(Object(Illuminate\\Http\\Request), Object(Closure))
#42 H:\\xampp\\htdocs\\laravel-6\\fullcalendar\\vendor\\laravel\\framework\\src\\Illuminate\\Foundation\\Http\\Middleware\\TransformsRequest.php(21): Illuminate\\Pipeline\\Pipeline->Illuminate\\Pipeline\\{closure}(Object(Illuminate\\Http\\Request))
#43 H:\\xampp\\htdocs\\laravel-6\\fullcalendar\\vendor\\laravel\\framework\\src\\Illuminate\\Pipeline\\Pipeline.php(171): Illuminate\\Foundation\\Http\\Middleware\\TransformsRequest->handle(Object(Illuminate\\Http\\Request), Object(Closure))
#44 H:\\xampp\\htdocs\\laravel-6\\fullcalendar\\vendor\\laravel\\framework\\src\\Illuminate\\Foundation\\Http\\Middleware\\ValidatePostSize.php(27): Illuminate\\Pipeline\\Pipeline->Illuminate\\Pipeline\\{closure}(Object(Illuminate\\Http\\Request))
#45 H:\\xampp\\htdocs\\laravel-6\\fullcalendar\\vendor\\laravel\\framework\\src\\Illuminate\\Pipeline\\Pipeline.php(171): Illuminate\\Foundation\\Http\\Middleware\\ValidatePostSize->handle(Object(Illuminate\\Http\\Request), Object(Closure))
#46 H:\\xampp\\htdocs\\laravel-6\\fullcalendar\\vendor\\laravel\\framework\\src\\Illuminate\\Foundation\\Http\\Middleware\\CheckForMaintenanceMode.php(62): Illuminate\\Pipeline\\Pipeline->Illuminate\\Pipeline\\{closure}(Object(Illuminate\\Http\\Request))
#47 H:\\xampp\\htdocs\\laravel-6\\fullcalendar\\vendor\\laravel\\framework\\src\\Illuminate\\Pipeline\\Pipeline.php(171): Illuminate\\Foundation\\Http\\Middleware\\CheckForMaintenanceMode->handle(Object(Illuminate\\Http\\Request), Object(Closure))
#48 H:\\xampp\\htdocs\\laravel-6\\fullcalendar\\vendor\\fideloper\\proxy\\src\\TrustProxies.php(57): Illuminate\\Pipeline\\Pipeline->Illuminate\\Pipeline\\{closure}(Object(Illuminate\\Http\\Request))
#49 H:\\xampp\\htdocs\\laravel-6\\fullcalendar\\vendor\\laravel\\framework\\src\\Illuminate\\Pipeline\\Pipeline.php(171): Fideloper\\Proxy\\TrustProxies->handle(Object(Illuminate\\Http\\Request), Object(Closure))
#50 H:\\xampp\\htdocs\\laravel-6\\fullcalendar\\vendor\\laravel\\framework\\src\\Illuminate\\Pipeline\\Pipeline.php(105): Illuminate\\Pipeline\\Pipeline->Illuminate\\Pipeline\\{closure}(Object(Illuminate\\Http\\Request))
#51 H:\\xampp\\htdocs\\laravel-6\\fullcalendar\\vendor\\laravel\\framework\\src\\Illuminate\\Foundation\\Http\\Kernel.php(151): Illuminate\\Pipeline\\Pipeline->then(Object(Closure))
#52 H:\\xampp\\htdocs\\laravel-6\\fullcalendar\\vendor\\laravel\\framework\\src\\Illuminate\\Foundation\\Http\\Kernel.php(116): Illuminate\\Foundation\\Http\\Kernel->sendRequestThroughRouter(Object(Illuminate\\Http\\Request))
#53 H:\\xampp\\htdocs\\laravel-6\\fullcalendar\\public\\index.php(55): Illuminate\\Foundation\\Http\\Kernel->handle(Object(Illuminate\\Http\\Request))
#54 {main}
"} 
